running develop
running egg_info
creating moteus_control.egg-info
writing moteus_control.egg-info/PKG-INFO
writing dependency_links to moteus_control.egg-info/dependency_links.txt
writing entry points to moteus_control.egg-info/entry_points.txt
writing requirements to moteus_control.egg-info/requires.txt
writing top-level names to moteus_control.egg-info/top_level.txt
writing manifest file 'moteus_control.egg-info/SOURCES.txt'
reading manifest file 'moteus_control.egg-info/SOURCES.txt'
writing manifest file 'moteus_control.egg-info/SOURCES.txt'
running build_ext
Creating /home/jared/dev_ws/install/moteus_control/lib/python3.12/site-packages/moteus-control.egg-link (link to .)
Installing moteus_node script to /home/jared/dev_ws/install/moteus_control/lib/moteus_control

Installed /home/jared/dev_ws/build/moteus_control
running symlink_data
creating /home/jared/dev_ws/install/moteus_control/share/ament_index
creating /home/jared/dev_ws/install/moteus_control/share/ament_index/resource_index
creating /home/jared/dev_ws/install/moteus_control/share/ament_index/resource_index/packages
symbolically linking /home/jared/dev_ws/build/moteus_control/resource/moteus_control -> /home/jared/dev_ws/install/moteus_control/share/ament_index/resource_index/packages
symbolically linking /home/jared/dev_ws/build/moteus_control/package.xml -> /home/jared/dev_ws/install/moteus_control/share/moteus_control
creating /home/jared/dev_ws/install/moteus_control/share/moteus_control/launch
symbolically linking /home/jared/dev_ws/build/moteus_control/launch/example_launch.yaml -> /home/jared/dev_ws/install/moteus_control/share/moteus_control/launch
