[1.000s] Invoking command in '/home/jared/dev_ws/build/moteus_control': AMENT_PREFIX_PATH=/home/jared/dev_ws/install/moteus_msgs:${AMENT_PREFIX_PATH} CMAKE_PREFIX_PATH=/home/jared/dev_ws/install/moteus_msgs:${CMAKE_PREFIX_PATH} LD_LIBRARY_PATH=/home/jared/dev_ws/install/moteus_msgs/lib:${LD_LIBRARY_PATH} PYTHONPATH=/home/jared/dev_ws/build/moteus_control/prefix_override:/usr/lib/python3/dist-packages/colcon_core/task/python/colcon_distutils_commands:/home/jared/dev_ws/install/moteus_control/lib/python3.12/site-packages:/home/jared/dev_ws/install/moteus_msgs/lib/python3.12/site-packages:${PYTHONPATH} /usr/bin/python3 -W ignore:setup.py install is deprecated setup.py develop --editable --build-directory /home/jared/dev_ws/build/moteus_control/build --no-deps symlink_data
[1.253s] running develop
[1.253s] /usr/lib/python3/dist-packages/setuptools/command/develop.py:40: EasyInstallDeprecationWarning: easy_install command is deprecated.
[1.253s] !!
[1.253s] 
[1.253s]         ********************************************************************************
[1.253s]         Please avoid running ``setup.py`` and ``easy_install``.
[1.253s]         Instead, use pypa/build, pypa/installer or other
[1.253s]         standards-based tools.
[1.253s] 
[1.254s]         See https://github.com/pypa/setuptools/issues/917 for details.
[1.254s]         ********************************************************************************
[1.254s] 
[1.254s] !!
[1.254s]   easy_install.initialize_options(self)
[1.419s] running egg_info
[1.419s] creating moteus_control.egg-info
[1.435s] writing moteus_control.egg-info/PKG-INFO
[1.435s] writing dependency_links to moteus_control.egg-info/dependency_links.txt
[1.435s] writing entry points to moteus_control.egg-info/entry_points.txt
[1.436s] writing requirements to moteus_control.egg-info/requires.txt
[1.436s] writing top-level names to moteus_control.egg-info/top_level.txt
[1.436s] writing manifest file 'moteus_control.egg-info/SOURCES.txt'
[1.469s] reading manifest file 'moteus_control.egg-info/SOURCES.txt'
[1.469s] writing manifest file 'moteus_control.egg-info/SOURCES.txt'
[1.486s] running build_ext
[1.486s] Creating /home/jared/dev_ws/install/moteus_control/lib/python3.12/site-packages/moteus-control.egg-link (link to .)
[1.487s] Installing moteus_node script to /home/jared/dev_ws/install/moteus_control/lib/moteus_control
[1.487s] 
[1.488s] Installed /home/jared/dev_ws/build/moteus_control
[1.488s] running symlink_data
[1.488s] creating /home/jared/dev_ws/install/moteus_control/share/ament_index
[1.488s] creating /home/jared/dev_ws/install/moteus_control/share/ament_index/resource_index
[1.488s] creating /home/jared/dev_ws/install/moteus_control/share/ament_index/resource_index/packages
[1.488s] symbolically linking /home/jared/dev_ws/build/moteus_control/resource/moteus_control -> /home/jared/dev_ws/install/moteus_control/share/ament_index/resource_index/packages
[1.488s] symbolically linking /home/jared/dev_ws/build/moteus_control/package.xml -> /home/jared/dev_ws/install/moteus_control/share/moteus_control
[1.489s] creating /home/jared/dev_ws/install/moteus_control/share/moteus_control/launch
[1.489s] symbolically linking /home/jared/dev_ws/build/moteus_control/launch/example_launch.yaml -> /home/jared/dev_ws/install/moteus_control/share/moteus_control/launch
[1.512s] Invoked command in '/home/jared/dev_ws/build/moteus_control' returned '0': AMENT_PREFIX_PATH=/home/jared/dev_ws/install/moteus_msgs:${AMENT_PREFIX_PATH} CMAKE_PREFIX_PATH=/home/jared/dev_ws/install/moteus_msgs:${CMAKE_PREFIX_PATH} LD_LIBRARY_PATH=/home/jared/dev_ws/install/moteus_msgs/lib:${LD_LIBRARY_PATH} PYTHONPATH=/home/jared/dev_ws/build/moteus_control/prefix_override:/usr/lib/python3/dist-packages/colcon_core/task/python/colcon_distutils_commands:/home/jared/dev_ws/install/moteus_control/lib/python3.12/site-packages:/home/jared/dev_ws/install/moteus_msgs/lib/python3.12/site-packages:${PYTHONPATH} /usr/bin/python3 -W ignore:setup.py install is deprecated setup.py develop --editable --build-directory /home/jared/dev_ws/build/moteus_control/build --no-deps symlink_data
