[0.012s] Invoking command in '/home/jared/dev_ws/build/arm_pkg': CMAKE_PREFIX_PATH=${CMAKE_PREFIX_PATH}:/opt/ros/jazzy /usr/bin/cmake --build /home/jared/dev_ws/build/arm_pkg -- -j16 -l16
[0.088s] Invoked command in '/home/jared/dev_ws/build/arm_pkg' returned '0': CMAKE_PREFIX_PATH=${CMAKE_PREFIX_PATH}:/opt/ros/jazzy /usr/bin/cmake --build /home/jared/dev_ws/build/arm_pkg -- -j16 -l16
[0.111s] Invoking command in '/home/jared/dev_ws/build/arm_pkg': CMAKE_PREFIX_PATH=${CMAKE_PREFIX_PATH}:/opt/ros/jazzy /usr/bin/cmake --install /home/jared/dev_ws/build/arm_pkg
[0.117s] -- Install configuration: ""
[0.118s] -- Execute custom install script
[0.119s] -- Symlinking: /home/jared/dev_ws/install/arm_pkg/share/arm_pkg/launch/rps.launch.py
[0.126s] -- Up-to-date symlink: /home/jared/dev_ws/install/arm_pkg/share/arm_pkg/description/arm.urdf.xacro
[0.126s] -- Up-to-date symlink: /home/jared/dev_ws/install/arm_pkg/share/ament_index/resource_index/package_run_dependencies/arm_pkg
[0.126s] -- Up-to-date symlink: /home/jared/dev_ws/install/arm_pkg/share/ament_index/resource_index/parent_prefix_path/arm_pkg
[0.126s] -- Up-to-date symlink: /home/jared/dev_ws/install/arm_pkg/share/arm_pkg/environment/ament_prefix_path.sh
[0.127s] -- Up-to-date symlink: /home/jared/dev_ws/install/arm_pkg/share/arm_pkg/environment/ament_prefix_path.dsv
[0.127s] -- Up-to-date symlink: /home/jared/dev_ws/install/arm_pkg/share/arm_pkg/environment/path.sh
[0.127s] -- Up-to-date symlink: /home/jared/dev_ws/install/arm_pkg/share/arm_pkg/environment/path.dsv
[0.127s] -- Up-to-date symlink: /home/jared/dev_ws/install/arm_pkg/share/arm_pkg/local_setup.bash
[0.127s] -- Up-to-date symlink: /home/jared/dev_ws/install/arm_pkg/share/arm_pkg/local_setup.sh
[0.127s] -- Up-to-date symlink: /home/jared/dev_ws/install/arm_pkg/share/arm_pkg/local_setup.zsh
[0.128s] -- Up-to-date symlink: /home/jared/dev_ws/install/arm_pkg/share/arm_pkg/local_setup.dsv
[0.128s] -- Symlinking: /home/jared/dev_ws/install/arm_pkg/share/arm_pkg/package.dsv
[0.134s] -- Up-to-date symlink: /home/jared/dev_ws/install/arm_pkg/share/ament_index/resource_index/packages/arm_pkg
[0.134s] -- Up-to-date symlink: /home/jared/dev_ws/install/arm_pkg/share/arm_pkg/cmake/arm_pkgConfig.cmake
[0.134s] -- Up-to-date symlink: /home/jared/dev_ws/install/arm_pkg/share/arm_pkg/cmake/arm_pkgConfig-version.cmake
[0.135s] -- Up-to-date symlink: /home/jared/dev_ws/install/arm_pkg/share/arm_pkg/package.xml
[0.136s] Invoked command in '/home/jared/dev_ws/build/arm_pkg' returned '0': CMAKE_PREFIX_PATH=${CMAKE_PREFIX_PATH}:/opt/ros/jazzy /usr/bin/cmake --install /home/jared/dev_ws/build/arm_pkg
