[0.011s] Invoking command in '/home/jared/dev_ws/build/moveit_config': CONDA_PROMPT_MODIFIER=(base) /usr/bin/cmake /home/jared/dev_ws/src/moveit_config -DCMAKE_INSTALL_PREFIX=/home/jared/dev_ws/install/moveit_config
[0.250s] -- The C compiler identification is GNU 13.2.0
[0.634s] -- The CXX compiler identification is GNU 13.2.0
[0.911s] -- Detecting C compiler ABI info
[1.085s] -- Detecting C compiler ABI info - done
[1.094s] -- Check for working C compiler: /usr/bin/cc - skipped
[1.094s] -- Detecting C compile features
[1.095s] -- Detecting C compile features - done
[1.155s] -- Detecting CXX compiler ABI info
[1.346s] -- Detecting CXX compiler ABI info - done
[1.355s] -- Check for working CXX compiler: /usr/bin/c++ - skipped
[1.355s] -- Detecting CXX compile features
[1.355s] -- Detecting CXX compile features - done
[1.360s] -- Found ament_cmake: 2.5.2 (/opt/ros/jazzy/share/ament_cmake/cmake)
[1.482s] -- Found Python3: /home/jared/anaconda3/bin/python3 (found version "3.11.5") found components: Interpreter 
[1.606s] Traceback (most recent call last):
[1.606s]   File "/opt/ros/jazzy/share/ament_cmake_core/cmake/core/package_xml_2_cmake.py", line 22, in <module>
[1.606s]     from catkin_pkg.package import parse_package_string
[1.606s] ModuleNotFoundError: No module named 'catkin_pkg'
[1.608s] [31mCMake Error at /opt/ros/jazzy/share/ament_cmake_core/cmake/core/ament_package_xml.cmake:95 (message):
[1.608s]   execute_process(/home/jared/anaconda3/bin/python3
[1.609s]   /opt/ros/jazzy/share/ament_cmake_core/cmake/core/package_xml_2_cmake.py
[1.609s]   /home/jared/dev_ws/src/moveit_config/package.xml
[1.609s]   /home/jared/dev_ws/build/moveit_config/ament_cmake_core/package.cmake)
[1.609s]   returned error code 1
[1.609s] Call Stack (most recent call first):
[1.609s]   /opt/ros/jazzy/share/ament_cmake_core/cmake/core/ament_package_xml.cmake:49 (_ament_package_xml)
[1.609s]   /opt/ros/jazzy/share/ament_cmake_core/cmake/core/ament_package.cmake:63 (ament_package_xml)
[1.609s]   CMakeLists.txt:6 (ament_package)
[1.610s] 
[1.610s] [0m
[1.610s] -- Configuring incomplete, errors occurred!
[1.613s] Invoked command in '/home/jared/dev_ws/build/moveit_config' returned '1': CONDA_PROMPT_MODIFIER=(base) /usr/bin/cmake /home/jared/dev_ws/src/moveit_config -DCMAKE_INSTALL_PREFIX=/home/jared/dev_ws/install/moveit_config
