[0.016s] Invoking command in '/home/jared/dev_ws/build/arm_pkg': CMAKE_PREFIX_PATH=${CMAKE_PREFIX_PATH}:/opt/ros/jazzy /usr/bin/cmake --build /home/jared/dev_ws/build/arm_pkg -- -j16 -l16
[0.059s] -- Found ament_cmake: 2.5.2 (/opt/ros/jazzy/share/ament_cmake/cmake)
[0.235s] -- Override CMake install command with custom implementation using symlinks instead of copying resources
[0.255s] -- Found ament_lint_auto: 0.17.1 (/opt/ros/jazzy/share/ament_lint_auto/cmake)
[0.332s] -- Found moveit_core: 2.10.0 (/opt/ros/jazzy/share/moveit_core/cmake)
[0.359s] -- Found Boost: /home/jared/anaconda3/lib/cmake/Boost-1.82.0/BoostConfig.cmake (found version "1.82.0") found components: chrono date_time filesystem iostreams program_options regex serialization system thread 
[1.062s] -- Found parameter_traits: 0.3.8 (/opt/ros/jazzy/share/parameter_traits/cmake)
[1.129s] -- Found rosidl_generator_c: 4.6.3 (/opt/ros/jazzy/share/rosidl_generator_c/cmake)
[1.143s] -- Found rosidl_generator_cpp: 4.6.3 (/opt/ros/jazzy/share/rosidl_generator_cpp/cmake)
[1.161s] -- Using all available rosidl_typesupport_c: rosidl_typesupport_fastrtps_c;rosidl_typesupport_introspection_c
[1.180s] -- Using all available rosidl_typesupport_cpp: rosidl_typesupport_fastrtps_cpp;rosidl_typesupport_introspection_cpp
[1.265s] -- Found rmw_implementation_cmake: 7.3.1 (/opt/ros/jazzy/share/rmw_implementation_cmake/cmake)
[1.268s] -- Found rmw_fastrtps_cpp: 8.4.1 (/opt/ros/jazzy/share/rmw_fastrtps_cpp/cmake)
[1.446s] -- Using RMW implementation 'rmw_fastrtps_cpp' as default
[1.625s] -- Found rclcpp_lifecycle: 28.1.3 (/opt/ros/jazzy/share/rclcpp_lifecycle/cmake)
[1.667s] -- Found Boost: /home/jared/anaconda3/lib/cmake/Boost-1.82.0/BoostConfig.cmake (found version "1.82.0") found components: filesystem 
[1.816s] -- Ensuring Eigen3 include directory is part of orocos-kdl CMake target
[2.190s] -- Found moveit_ros_planning_interface: 2.10.0 (/opt/ros/jazzy/share/moveit_ros_planning_interface/cmake)
[2.195s] -- Found Boost: /home/jared/anaconda3/lib/cmake/Boost-1.82.0/BoostConfig.cmake (found version "1.82.0") found components: date_time filesystem program_options system thread 
[2.209s] -- Found Boost: /home/jared/anaconda3/lib/cmake/Boost-1.82.0/BoostConfig.cmake (found version "1.82.0") found components: system filesystem date_time program_options thread chrono 
[2.263s] -- Found Boost: /home/jared/anaconda3/lib/cmake/Boost-1.82.0/BoostConfig.cmake (found version "1.82.0") found components: thread system filesystem regex date_time program_options 
[2.291s] -- Found Boost: /home/jared/anaconda3/lib/cmake/Boost-1.82.0/BoostConfig.cmake (found version "1.82.0") found components: system filesystem date_time program_options thread 
[3.003s] [31mCMake Error at CMakeLists.txt:39 (find_package):
[3.003s]   By not providing "Findmoveit_visual_tools.cmake" in CMAKE_MODULE_PATH this
[3.003s]   project has asked CMake to find a package configuration file provided by
[3.004s]   "moveit_visual_tools", but CMake did not find one.
[3.004s] 
[3.004s]   Could not find a package configuration file provided by
[3.004s]   "moveit_visual_tools" with any of the following names:
[3.004s] 
[3.004s]     moveit_visual_toolsConfig.cmake
[3.004s]     moveit_visual_tools-config.cmake
[3.004s] 
[3.004s]   Add the installation prefix of "moveit_visual_tools" to CMAKE_PREFIX_PATH
[3.004s]   or set "moveit_visual_tools_DIR" to a directory containing one of the above
[3.004s]   files.  If "moveit_visual_tools" provides a separate development package or
[3.004s]   SDK, be sure it has been installed.
[3.004s] 
[3.004s] [0m
[3.004s] -- Configuring incomplete, errors occurred!
[3.012s] gmake: *** [Makefile:226: cmake_check_build_system] Error 1
