[0.010s] Invoking command in '/home/jared/dev_ws/build/arm_pkg': CMAKE_PREFIX_PATH=${CMAKE_PREFIX_PATH}:/opt/ros/jazzy /usr/bin/cmake --build /home/jared/dev_ws/build/arm_pkg -- -j16 -l16
[0.032s] -- Found ament_cmake: 2.5.2 (/opt/ros/jazzy/share/ament_cmake/cmake)
[0.196s] -- Override CMake install command with custom implementation using symlinks instead of copying resources
[0.216s] -- Found ament_lint_auto: 0.17.1 (/opt/ros/jazzy/share/ament_lint_auto/cmake)
[0.296s] -- Added test 'flake8' to check Python code syntax and style conventions
[0.296s] -- Configured 'flake8' exclude dirs and/or files: 
[0.297s] -- Added test 'lint_cmake' to check CMake code style
[0.298s] -- Added test 'pep257' to check Python code against some of the docstring style conventions in PEP 257
[0.300s] -- Added test 'xmllint' to check XML markup files
[0.301s] -- Configuring done (0.3s)
[0.309s] -- Generating done (0.0s)
[0.311s] -- Build files have been written to: /home/jared/dev_ws/build/arm_pkg
[0.327s] Invoked command in '/home/jared/dev_ws/build/arm_pkg' returned '0': CMAKE_PREFIX_PATH=${CMAKE_PREFIX_PATH}:/opt/ros/jazzy /usr/bin/cmake --build /home/jared/dev_ws/build/arm_pkg -- -j16 -l16
[0.350s] Invoking command in '/home/jared/dev_ws/build/arm_pkg': CMAKE_PREFIX_PATH=${CMAKE_PREFIX_PATH}:/opt/ros/jazzy /usr/bin/cmake --install /home/jared/dev_ws/build/arm_pkg
[0.355s] -- Install configuration: ""
[0.356s] -- Execute custom install script
[0.356s] -- Up-to-date symlink: /home/jared/dev_ws/install/arm_pkg/share/arm_pkg/launch/controller.launch.py
[0.356s] -- Up-to-date symlink: /home/jared/dev_ws/install/arm_pkg/share/arm_pkg/launch/rsp.launch.py
[0.356s] -- Up-to-date symlink: /home/jared/dev_ws/install/arm_pkg/share/arm_pkg/description/robot.urdf.xacro
[0.357s] -- Up-to-date symlink: /home/jared/dev_ws/install/arm_pkg/share/arm_pkg/config/my_robot_config.rviz
[0.357s] -- Up-to-date symlink: /home/jared/dev_ws/install/arm_pkg/share/arm_pkg/worlds/empty.world
[0.357s] -- Symlinking: /home/jared/dev_ws/install/arm_pkg/lib/arm_pkg/joint_control.py
[0.364s] -- Up-to-date symlink: /home/jared/dev_ws/install/arm_pkg/share/ament_index/resource_index/package_run_dependencies/arm_pkg
[0.364s] -- Up-to-date symlink: /home/jared/dev_ws/install/arm_pkg/share/ament_index/resource_index/parent_prefix_path/arm_pkg
[0.364s] -- Up-to-date symlink: /home/jared/dev_ws/install/arm_pkg/share/arm_pkg/environment/ament_prefix_path.sh
[0.365s] -- Up-to-date symlink: /home/jared/dev_ws/install/arm_pkg/share/arm_pkg/environment/ament_prefix_path.dsv
[0.365s] -- Up-to-date symlink: /home/jared/dev_ws/install/arm_pkg/share/arm_pkg/environment/path.sh
[0.365s] -- Up-to-date symlink: /home/jared/dev_ws/install/arm_pkg/share/arm_pkg/environment/path.dsv
[0.365s] -- Up-to-date symlink: /home/jared/dev_ws/install/arm_pkg/share/arm_pkg/local_setup.bash
[0.365s] -- Up-to-date symlink: /home/jared/dev_ws/install/arm_pkg/share/arm_pkg/local_setup.sh
[0.365s] -- Up-to-date symlink: /home/jared/dev_ws/install/arm_pkg/share/arm_pkg/local_setup.zsh
[0.366s] -- Up-to-date symlink: /home/jared/dev_ws/install/arm_pkg/share/arm_pkg/local_setup.dsv
[0.366s] -- Symlinking: /home/jared/dev_ws/install/arm_pkg/share/arm_pkg/package.dsv
[0.373s] -- Up-to-date symlink: /home/jared/dev_ws/install/arm_pkg/share/ament_index/resource_index/packages/arm_pkg
[0.373s] -- Up-to-date symlink: /home/jared/dev_ws/install/arm_pkg/share/arm_pkg/cmake/arm_pkgConfig.cmake
[0.373s] -- Up-to-date symlink: /home/jared/dev_ws/install/arm_pkg/share/arm_pkg/cmake/arm_pkgConfig-version.cmake
[0.373s] -- Up-to-date symlink: /home/jared/dev_ws/install/arm_pkg/share/arm_pkg/package.xml
[0.375s] Invoked command in '/home/jared/dev_ws/build/arm_pkg' returned '0': CMAKE_PREFIX_PATH=${CMAKE_PREFIX_PATH}:/opt/ros/jazzy /usr/bin/cmake --install /home/jared/dev_ws/build/arm_pkg
