[0.013s] Invoking command in '/home/jared/dev_ws/build/moveit_config': /usr/bin/cmake /home/jared/dev_ws/src/moveit_config -DCMAKE_INSTALL_PREFIX=/home/jared/dev_ws/install/moveit_config
[0.049s] -- Found ament_cmake: 2.5.2 (/opt/ros/jazzy/share/ament_cmake/cmake)
[0.263s] Traceback (most recent call last):
[0.263s]   File "/opt/ros/jazzy/share/ament_cmake_core/cmake/core/package_xml_2_cmake.py", line 22, in <module>
[0.263s]     from catkin_pkg.package import parse_package_string
[0.263s] ModuleNotFoundError: No module named 'catkin_pkg'
[0.266s] [31mCMake Error at /opt/ros/jazzy/share/ament_cmake_core/cmake/core/ament_package_xml.cmake:95 (message):
[0.266s]   execute_process(/home/jared/anaconda3/bin/python3
[0.266s]   /opt/ros/jazzy/share/ament_cmake_core/cmake/core/package_xml_2_cmake.py
[0.266s]   /home/jared/dev_ws/src/moveit_config/package.xml
[0.267s]   /home/jared/dev_ws/build/moveit_config/ament_cmake_core/package.cmake)
[0.267s]   returned error code 1
[0.267s] Call Stack (most recent call first):
[0.267s]   /opt/ros/jazzy/share/ament_cmake_core/cmake/core/ament_package_xml.cmake:49 (_ament_package_xml)
[0.267s]   /opt/ros/jazzy/share/ament_cmake_core/cmake/core/ament_package.cmake:63 (ament_package_xml)
[0.267s]   CMakeLists.txt:6 (ament_package)
[0.267s] 
[0.267s] [0m
[0.268s] -- Configuring incomplete, errors occurred!
[0.272s] Invoked command in '/home/jared/dev_ws/build/moveit_config' returned '1': /usr/bin/cmake /home/jared/dev_ws/src/moveit_config -DCMAKE_INSTALL_PREFIX=/home/jared/dev_ws/install/moveit_config
