[0.011s] Invoking command in '/home/jared/dev_ws/build/arm_pkg': CMAKE_PREFIX_PATH=${CMAKE_PREFIX_PATH}:/opt/ros/jazzy /usr/bin/cmake --build /home/jared/dev_ws/build/arm_pkg -- -j16 -l16
[0.027s] -- Found ament_cmake: 2.5.2 (/opt/ros/jazzy/share/ament_cmake/cmake)
[0.185s] -- Override CMake install command with custom implementation using symlinks instead of copying resources
[0.192s] -- Found ament_lint_auto: 0.17.1 (/opt/ros/jazzy/share/ament_lint_auto/cmake)
[0.270s] -- Added test 'flake8' to check Python code syntax and style conventions
[0.270s] -- Configured 'flake8' exclude dirs and/or files: 
[0.271s] -- Added test 'lint_cmake' to check CMake code style
[0.271s] -- Added test 'pep257' to check Python code against some of the docstring style conventions in PEP 257
[0.273s] -- Added test 'xmllint' to check XML markup files
[0.276s] -- Configuring done (0.3s)
[0.287s] -- Generating done (0.0s)
[0.289s] -- Build files have been written to: /home/jared/dev_ws/build/arm_pkg
[0.306s] Invoked command in '/home/jared/dev_ws/build/arm_pkg' returned '0': CMAKE_PREFIX_PATH=${CMAKE_PREFIX_PATH}:/opt/ros/jazzy /usr/bin/cmake --build /home/jared/dev_ws/build/arm_pkg -- -j16 -l16
[0.329s] Invoking command in '/home/jared/dev_ws/build/arm_pkg': CMAKE_PREFIX_PATH=${CMAKE_PREFIX_PATH}:/opt/ros/jazzy /usr/bin/cmake --install /home/jared/dev_ws/build/arm_pkg
[0.334s] -- Install configuration: ""
[0.335s] -- Execute custom install script
[0.335s] -- Up-to-date symlink: /home/jared/dev_ws/install/arm_pkg/share/arm_pkg/launch/controller.launch.py
[0.335s] -- Symlinking: /home/jared/dev_ws/install/arm_pkg/share/arm_pkg/launch/moveit.launch.py
[0.342s] -- Up-to-date symlink: /home/jared/dev_ws/install/arm_pkg/share/arm_pkg/launch/rsp.launch.py
[0.342s] -- Up-to-date symlink: /home/jared/dev_ws/install/arm_pkg/share/arm_pkg/description/robot.urdf.xacro
[0.342s] -- Up-to-date symlink: /home/jared/dev_ws/install/arm_pkg/share/arm_pkg/config/my_robot_config.rviz
[0.342s] -- Up-to-date symlink: /home/jared/dev_ws/install/arm_pkg/share/arm_pkg/worlds/empty.world
[0.342s] -- Up-to-date symlink: /home/jared/dev_ws/install/arm_pkg/lib/arm_pkg/joint_control.py
[0.342s] -- Up-to-date symlink: /home/jared/dev_ws/install/arm_pkg/share/ament_index/resource_index/package_run_dependencies/arm_pkg
[0.343s] -- Up-to-date symlink: /home/jared/dev_ws/install/arm_pkg/share/ament_index/resource_index/parent_prefix_path/arm_pkg
[0.343s] -- Up-to-date symlink: /home/jared/dev_ws/install/arm_pkg/share/arm_pkg/environment/ament_prefix_path.sh
[0.343s] -- Up-to-date symlink: /home/jared/dev_ws/install/arm_pkg/share/arm_pkg/environment/ament_prefix_path.dsv
[0.344s] -- Up-to-date symlink: /home/jared/dev_ws/install/arm_pkg/share/arm_pkg/environment/path.sh
[0.344s] -- Up-to-date symlink: /home/jared/dev_ws/install/arm_pkg/share/arm_pkg/environment/path.dsv
[0.344s] -- Up-to-date symlink: /home/jared/dev_ws/install/arm_pkg/share/arm_pkg/local_setup.bash
[0.344s] -- Up-to-date symlink: /home/jared/dev_ws/install/arm_pkg/share/arm_pkg/local_setup.sh
[0.344s] -- Up-to-date symlink: /home/jared/dev_ws/install/arm_pkg/share/arm_pkg/local_setup.zsh
[0.344s] -- Up-to-date symlink: /home/jared/dev_ws/install/arm_pkg/share/arm_pkg/local_setup.dsv
[0.345s] -- Symlinking: /home/jared/dev_ws/install/arm_pkg/share/arm_pkg/package.dsv
[0.352s] -- Up-to-date symlink: /home/jared/dev_ws/install/arm_pkg/share/ament_index/resource_index/packages/arm_pkg
[0.352s] -- Up-to-date symlink: /home/jared/dev_ws/install/arm_pkg/share/arm_pkg/cmake/arm_pkgConfig.cmake
[0.352s] -- Up-to-date symlink: /home/jared/dev_ws/install/arm_pkg/share/arm_pkg/cmake/arm_pkgConfig-version.cmake
[0.352s] -- Up-to-date symlink: /home/jared/dev_ws/install/arm_pkg/share/arm_pkg/package.xml
[0.354s] Invoked command in '/home/jared/dev_ws/build/arm_pkg' returned '0': CMAKE_PREFIX_PATH=${CMAKE_PREFIX_PATH}:/opt/ros/jazzy /usr/bin/cmake --install /home/jared/dev_ws/build/arm_pkg
