[0.013s] Invoking command in '/home/jared/dev_ws/build/arm_pkg': CMAKE_PREFIX_PATH=${CMAKE_PREFIX_PATH}:/opt/ros/jazzy /usr/bin/cmake --build /home/jared/dev_ws/build/arm_pkg -- -j16 -l16
[0.029s] -- Found ament_cmake: 2.5.2 (/opt/ros/jazzy/share/ament_cmake/cmake)
[0.193s] -- Override CMake install command with custom implementation using symlinks instead of copying resources
[0.200s] -- Found ament_lint_auto: 0.17.1 (/opt/ros/jazzy/share/ament_lint_auto/cmake)
[0.267s] -- Found moveit_core: 2.10.0 (/opt/ros/jazzy/share/moveit_core/cmake)
[0.281s] -- Found Boost: /home/jared/anaconda3/lib/cmake/Boost-1.82.0/BoostConfig.cmake (found version "1.82.0") found components: chrono date_time filesystem iostreams program_options regex serialization system thread 
[0.826s] -- Found parameter_traits: 0.3.8 (/opt/ros/jazzy/share/parameter_traits/cmake)
[0.866s] -- Found rosidl_generator_c: 4.6.3 (/opt/ros/jazzy/share/rosidl_generator_c/cmake)
[0.875s] -- Found rosidl_generator_cpp: 4.6.3 (/opt/ros/jazzy/share/rosidl_generator_cpp/cmake)
[0.885s] -- Using all available rosidl_typesupport_c: rosidl_typesupport_fastrtps_c;rosidl_typesupport_introspection_c
[0.897s] -- Using all available rosidl_typesupport_cpp: rosidl_typesupport_fastrtps_cpp;rosidl_typesupport_introspection_cpp
[0.953s] -- Found rmw_implementation_cmake: 7.3.1 (/opt/ros/jazzy/share/rmw_implementation_cmake/cmake)
[0.954s] -- Found rmw_fastrtps_cpp: 8.4.1 (/opt/ros/jazzy/share/rmw_fastrtps_cpp/cmake)
[1.093s] -- Using RMW implementation 'rmw_fastrtps_cpp' as default
[1.238s] -- Found rclcpp_lifecycle: 28.1.3 (/opt/ros/jazzy/share/rclcpp_lifecycle/cmake)
[1.268s] -- Found Boost: /home/jared/anaconda3/lib/cmake/Boost-1.82.0/BoostConfig.cmake (found version "1.82.0") found components: filesystem 
[1.377s] -- Ensuring Eigen3 include directory is part of orocos-kdl CMake target
[1.658s] -- Found moveit_ros_planning_interface: 2.10.0 (/opt/ros/jazzy/share/moveit_ros_planning_interface/cmake)
[1.662s] -- Found Boost: /home/jared/anaconda3/lib/cmake/Boost-1.82.0/BoostConfig.cmake (found version "1.82.0") found components: date_time filesystem program_options system thread 
[1.674s] -- Found Boost: /home/jared/anaconda3/lib/cmake/Boost-1.82.0/BoostConfig.cmake (found version "1.82.0") found components: system filesystem date_time program_options thread chrono 
[1.725s] -- Found Boost: /home/jared/anaconda3/lib/cmake/Boost-1.82.0/BoostConfig.cmake (found version "1.82.0") found components: thread system filesystem regex date_time program_options 
[1.750s] -- Found Boost: /home/jared/anaconda3/lib/cmake/Boost-1.82.0/BoostConfig.cmake (found version "1.82.0") found components: system filesystem date_time program_options thread 
[2.418s] [31mCMake Error at CMakeLists.txt:39 (find_package):
[2.418s]   By not providing "Findmoveit_visual_tools.cmake" in CMAKE_MODULE_PATH this
[2.418s]   project has asked CMake to find a package configuration file provided by
[2.418s]   "moveit_visual_tools", but CMake did not find one.
[2.418s] 
[2.418s]   Could not find a package configuration file provided by
[2.418s]   "moveit_visual_tools" with any of the following names:
[2.419s] 
[2.419s]     moveit_visual_toolsConfig.cmake
[2.419s]     moveit_visual_tools-config.cmake
[2.419s] 
[2.419s]   Add the installation prefix of "moveit_visual_tools" to CMAKE_PREFIX_PATH
[2.419s]   or set "moveit_visual_tools_DIR" to a directory containing one of the above
[2.419s]   files.  If "moveit_visual_tools" provides a separate development package or
[2.419s]   SDK, be sure it has been installed.
[2.419s] 
[2.419s] [0m
[2.419s] -- Configuring incomplete, errors occurred!
[2.426s] gmake: *** [Makefile:226: cmake_check_build_system] Error 1
