-- The C compiler identification is GNU 13.2.0
-- The CXX compiler identification is GNU 13.2.0
-- Detecting C compiler ABI info
-- Detecting C compiler ABI info - done
-- Check for working C compiler: /usr/bin/cc - skipped
-- Detecting C compile features
-- Detecting C compile features - done
-- Detecting CXX compiler ABI info
-- Detecting CXX compiler ABI info - done
-- Check for working CXX compiler: /usr/bin/c++ - skipped
-- Detecting CXX compile features
-- Detecting CXX compile features - done
-- Found ament_cmake: 2.5.2 (/opt/ros/jazzy/share/ament_cmake/cmake)
-- Found Python3: /usr/bin/python3 (found version "3.12.3") found components: Interpreter 
-- Override CMake install command with custom implementation using symlinks instead of copying resources
-- Found ament_lint_auto: 0.17.1 (/opt/ros/jazzy/share/ament_lint_auto/cmake)
-- Added test 'flake8' to check Python code syntax and style conventions
-- Configured 'flake8' exclude dirs and/or files: 
-- Added test 'lint_cmake' to check CMake code style
-- Added test 'pep257' to check Python code against some of the docstring style conventions in PEP 257
-- Added test 'xmllint' to check XML markup files
-- Configuring done (1.9s)
-- Generating done (0.0s)
-- Build files have been written to: /home/jared/dev_ws/build/arm_pkg
-- Install configuration: ""
-- Execute custom install script
-- Symlinking: /home/jared/dev_ws/install/arm_pkg/share/ament_index/resource_index/package_run_dependencies/arm_pkg
-- Symlinking: /home/jared/dev_ws/install/arm_pkg/share/ament_index/resource_index/parent_prefix_path/arm_pkg
-- Symlinking: /home/jared/dev_ws/install/arm_pkg/share/arm_pkg/environment/ament_prefix_path.sh
-- Symlinking: /home/jared/dev_ws/install/arm_pkg/share/arm_pkg/environment/ament_prefix_path.dsv
-- Symlinking: /home/jared/dev_ws/install/arm_pkg/share/arm_pkg/environment/path.sh
-- Symlinking: /home/jared/dev_ws/install/arm_pkg/share/arm_pkg/environment/path.dsv
-- Symlinking: /home/jared/dev_ws/install/arm_pkg/share/arm_pkg/local_setup.bash
-- Symlinking: /home/jared/dev_ws/install/arm_pkg/share/arm_pkg/local_setup.sh
-- Symlinking: /home/jared/dev_ws/install/arm_pkg/share/arm_pkg/local_setup.zsh
-- Symlinking: /home/jared/dev_ws/install/arm_pkg/share/arm_pkg/local_setup.dsv
-- Symlinking: /home/jared/dev_ws/install/arm_pkg/share/arm_pkg/package.dsv
-- Symlinking: /home/jared/dev_ws/install/arm_pkg/share/ament_index/resource_index/packages/arm_pkg
-- Symlinking: /home/jared/dev_ws/install/arm_pkg/share/arm_pkg/cmake/arm_pkgConfig.cmake
-- Symlinking: /home/jared/dev_ws/install/arm_pkg/share/arm_pkg/cmake/arm_pkgConfig-version.cmake
-- Symlinking: /home/jared/dev_ws/install/arm_pkg/share/arm_pkg/package.xml
