[0.008s] Invoking command in '/home/jared/dev_ws/build/arm_pkg': CMAKE_PREFIX_PATH=${CMAKE_PREFIX_PATH}:/opt/ros/jazzy /usr/bin/cmake --build /home/jared/dev_ws/build/arm_pkg -- -j16 -l16
[0.032s] -- Found ament_cmake: 2.5.2 (/opt/ros/jazzy/share/ament_cmake/cmake)
[0.197s] -- Override CMake install command with custom implementation using symlinks instead of copying resources
[0.218s] -- Found ament_lint_auto: 0.17.1 (/opt/ros/jazzy/share/ament_lint_auto/cmake)
[0.297s] -- Added test 'flake8' to check Python code syntax and style conventions
[0.298s] -- Configured 'flake8' exclude dirs and/or files: 
[0.298s] -- Added test 'lint_cmake' to check CMake code style
[0.299s] -- Added test 'pep257' to check Python code against some of the docstring style conventions in PEP 257
[0.300s] -- Added test 'xmllint' to check XML markup files
[0.303s] -- Configuring done (0.3s)
[0.310s] -- Generating done (0.0s)
[0.311s] -- Build files have been written to: /home/jared/dev_ws/build/arm_pkg
[0.327s] Invoked command in '/home/jared/dev_ws/build/arm_pkg' returned '0': CMAKE_PREFIX_PATH=${CMAKE_PREFIX_PATH}:/opt/ros/jazzy /usr/bin/cmake --build /home/jared/dev_ws/build/arm_pkg -- -j16 -l16
[0.349s] Invoking command in '/home/jared/dev_ws/build/arm_pkg': CMAKE_PREFIX_PATH=${CMAKE_PREFIX_PATH}:/opt/ros/jazzy /usr/bin/cmake --install /home/jared/dev_ws/build/arm_pkg
[0.354s] -- Install configuration: ""
[0.354s] -- Execute custom install script
[0.355s] -- Up-to-date symlink: /home/jared/dev_ws/install/arm_pkg/share/arm_pkg/launch/rsp.launch.py
[0.355s] -- Up-to-date symlink: /home/jared/dev_ws/install/arm_pkg/share/arm_pkg/description/arm.urdf.xacro
[0.355s] -- Symlinking: /home/jared/dev_ws/install/arm_pkg/share/arm_pkg/config/main.rviz
[0.362s] -- Up-to-date symlink: /home/jared/dev_ws/install/arm_pkg/share/ament_index/resource_index/package_run_dependencies/arm_pkg
[0.362s] -- Up-to-date symlink: /home/jared/dev_ws/install/arm_pkg/share/ament_index/resource_index/parent_prefix_path/arm_pkg
[0.362s] -- Up-to-date symlink: /home/jared/dev_ws/install/arm_pkg/share/arm_pkg/environment/ament_prefix_path.sh
[0.362s] -- Up-to-date symlink: /home/jared/dev_ws/install/arm_pkg/share/arm_pkg/environment/ament_prefix_path.dsv
[0.363s] -- Up-to-date symlink: /home/jared/dev_ws/install/arm_pkg/share/arm_pkg/environment/path.sh
[0.363s] -- Up-to-date symlink: /home/jared/dev_ws/install/arm_pkg/share/arm_pkg/environment/path.dsv
[0.363s] -- Up-to-date symlink: /home/jared/dev_ws/install/arm_pkg/share/arm_pkg/local_setup.bash
[0.363s] -- Up-to-date symlink: /home/jared/dev_ws/install/arm_pkg/share/arm_pkg/local_setup.sh
[0.363s] -- Up-to-date symlink: /home/jared/dev_ws/install/arm_pkg/share/arm_pkg/local_setup.zsh
[0.363s] -- Up-to-date symlink: /home/jared/dev_ws/install/arm_pkg/share/arm_pkg/local_setup.dsv
[0.363s] -- Symlinking: /home/jared/dev_ws/install/arm_pkg/share/arm_pkg/package.dsv
[0.369s] -- Up-to-date symlink: /home/jared/dev_ws/install/arm_pkg/share/ament_index/resource_index/packages/arm_pkg
[0.370s] -- Up-to-date symlink: /home/jared/dev_ws/install/arm_pkg/share/arm_pkg/cmake/arm_pkgConfig.cmake
[0.370s] -- Up-to-date symlink: /home/jared/dev_ws/install/arm_pkg/share/arm_pkg/cmake/arm_pkgConfig-version.cmake
[0.370s] -- Up-to-date symlink: /home/jared/dev_ws/install/arm_pkg/share/arm_pkg/package.xml
[0.372s] Invoked command in '/home/jared/dev_ws/build/arm_pkg' returned '0': CMAKE_PREFIX_PATH=${CMAKE_PREFIX_PATH}:/opt/ros/jazzy /usr/bin/cmake --install /home/jared/dev_ws/build/arm_pkg
