[0.009s] Invoking command in '/home/jared/dev_ws/build/arm_pkg': /usr/bin/cmake /home/jared/dev_ws/src/arm_pkg -DAMENT_CMAKE_SYMLINK_INSTALL=1 -DCMAKE_INSTALL_PREFIX=/home/jared/dev_ws/install/arm_pkg
[0.021s] -- Found ament_cmake: 2.5.2 (/opt/ros/jazzy/share/ament_cmake/cmake)
[0.131s] -- Found Python3: /usr/bin/python3 (found version "3.12.3") found components: Interpreter 
[0.195s] -- Override CMake install command with custom implementation using symlinks instead of copying resources
[0.240s] -- Found ament_lint_auto: 0.17.1 (/opt/ros/jazzy/share/ament_lint_auto/cmake)
[0.335s] -- Added test 'flake8' to check Python code syntax and style conventions
[0.335s] -- Configured 'flake8' exclude dirs and/or files: 
[0.336s] -- Added test 'lint_cmake' to check CMake code style
[0.337s] -- Added test 'pep257' to check Python code against some of the docstring style conventions in PEP 257
[0.339s] -- Added test 'xmllint' to check XML markup files
[0.341s] -- Configuring done (0.3s)
[0.346s] -- Generating done (0.0s)
[0.346s] -- Build files have been written to: /home/jared/dev_ws/build/arm_pkg
[0.349s] Invoked command in '/home/jared/dev_ws/build/arm_pkg' returned '0': /usr/bin/cmake /home/jared/dev_ws/src/arm_pkg -DAMENT_CMAKE_SYMLINK_INSTALL=1 -DCMAKE_INSTALL_PREFIX=/home/jared/dev_ws/install/arm_pkg
[0.350s] Invoking command in '/home/jared/dev_ws/build/arm_pkg': /usr/bin/cmake --build /home/jared/dev_ws/build/arm_pkg -- -j16 -l16
[0.379s] Invoked command in '/home/jared/dev_ws/build/arm_pkg' returned '0': /usr/bin/cmake --build /home/jared/dev_ws/build/arm_pkg -- -j16 -l16
[0.400s] Invoking command in '/home/jared/dev_ws/build/arm_pkg': /usr/bin/cmake --install /home/jared/dev_ws/build/arm_pkg
[0.406s] -- Install configuration: ""
[0.406s] -- Execute custom install script
[0.407s] -- Up-to-date symlink: /home/jared/dev_ws/install/arm_pkg/share/arm_pkg/launch/controller.launch.py
[0.407s] -- Up-to-date symlink: /home/jared/dev_ws/install/arm_pkg/share/arm_pkg/launch/moveit.launch.py
[0.407s] -- Up-to-date symlink: /home/jared/dev_ws/install/arm_pkg/share/arm_pkg/launch/rsp.launch.py
[0.407s] -- Up-to-date symlink: /home/jared/dev_ws/install/arm_pkg/share/arm_pkg/description/robot.urdf.xacro
[0.408s] -- Up-to-date symlink: /home/jared/dev_ws/install/arm_pkg/share/arm_pkg/config/my_robot_config.rviz
[0.408s] -- Up-to-date symlink: /home/jared/dev_ws/install/arm_pkg/share/arm_pkg/worlds/empty.world
[0.408s] -- Up-to-date symlink: /home/jared/dev_ws/install/arm_pkg/lib/arm_pkg/joint_control.py
[0.408s] -- Up-to-date symlink: /home/jared/dev_ws/install/arm_pkg/lib/arm_pkg/jointSubscriber.py
[0.409s] -- Up-to-date symlink: /home/jared/dev_ws/install/arm_pkg/share/ament_index/resource_index/package_run_dependencies/arm_pkg
[0.409s] -- Up-to-date symlink: /home/jared/dev_ws/install/arm_pkg/share/ament_index/resource_index/parent_prefix_path/arm_pkg
[0.409s] -- Up-to-date symlink: /home/jared/dev_ws/install/arm_pkg/share/arm_pkg/environment/ament_prefix_path.sh
[0.409s] -- Up-to-date symlink: /home/jared/dev_ws/install/arm_pkg/share/arm_pkg/environment/ament_prefix_path.dsv
[0.409s] -- Up-to-date symlink: /home/jared/dev_ws/install/arm_pkg/share/arm_pkg/environment/path.sh
[0.410s] -- Up-to-date symlink: /home/jared/dev_ws/install/arm_pkg/share/arm_pkg/environment/path.dsv
[0.410s] -- Up-to-date symlink: /home/jared/dev_ws/install/arm_pkg/share/arm_pkg/local_setup.bash
[0.410s] -- Up-to-date symlink: /home/jared/dev_ws/install/arm_pkg/share/arm_pkg/local_setup.sh
[0.410s] -- Up-to-date symlink: /home/jared/dev_ws/install/arm_pkg/share/arm_pkg/local_setup.zsh
[0.410s] -- Up-to-date symlink: /home/jared/dev_ws/install/arm_pkg/share/arm_pkg/local_setup.dsv
[0.411s] -- Symlinking: /home/jared/dev_ws/install/arm_pkg/share/arm_pkg/package.dsv
[0.417s] -- Up-to-date symlink: /home/jared/dev_ws/install/arm_pkg/share/ament_index/resource_index/packages/arm_pkg
[0.417s] -- Up-to-date symlink: /home/jared/dev_ws/install/arm_pkg/share/arm_pkg/cmake/arm_pkgConfig.cmake
[0.417s] -- Up-to-date symlink: /home/jared/dev_ws/install/arm_pkg/share/arm_pkg/cmake/arm_pkgConfig-version.cmake
[0.418s] -- Up-to-date symlink: /home/jared/dev_ws/install/arm_pkg/share/arm_pkg/package.xml
[0.419s] Invoked command in '/home/jared/dev_ws/build/arm_pkg' returned '0': /usr/bin/cmake --install /home/jared/dev_ws/build/arm_pkg
