-- Found ament_cmake: 2.5.2 (/opt/ros/jazzy/share/ament_cmake/cmake)
-- Found Python3: /usr/bin/python3 (found version "3.12.3") found components: Interpreter 
-- Override CMake install command with custom implementation using symlinks instead of copying resources
-- Found rosidl_default_generators: 1.6.0 (/opt/ros/jazzy/share/rosidl_default_generators/cmake)
-- Using all available rosidl_typesupport_c: rosidl_typesupport_fastrtps_c;rosidl_typesupport_introspection_c
-- Using all available rosidl_typesupport_cpp: rosidl_typesupport_fastrtps_cpp;rosidl_typesupport_introspection_cpp
-- Found rosidl_adapter: 4.6.3 (/opt/ros/jazzy/share/rosidl_adapter/cmake)
-- Found ament_cmake_ros: 0.12.0 (/opt/ros/jazzy/share/ament_cmake_ros/cmake)
-- Using all available rosidl_typesupport_c: rosidl_typesupport_fastrtps_c;rosidl_typesupport_introspection_c
-- Using all available rosidl_typesupport_cpp: rosidl_typesupport_fastrtps_cpp;rosidl_typesupport_introspection_cpp
-- Found python_cmake_module: 0.11.1 (/opt/ros/jazzy/share/python_cmake_module/cmake)
-- Found PythonExtra: /usr/bin/python3  
-- Found Python3: /usr/bin/python3 (found version "3.12.3") found components: Interpreter Development NumPy Development.Module Development.Embed 
-- Found ament_lint_auto: 0.17.1 (/opt/ros/jazzy/share/ament_lint_auto/cmake)
-- Added test 'lint_cmake' to check CMake code style
-- Added test 'xmllint' to check XML markup files
-- Configuring done (2.2s)
-- Generating done (0.0s)
-- Build files have been written to: /home/jared/dev_ws/build/moteus_msgs
[  2%] [34m[1mGenerating type hashes for ROS interfaces[0m
[  2%] Built target ament_cmake_python_symlink_moteus_msgs
running egg_info
creating moteus_msgs.egg-info
[  2%] Built target moteus_msgs__rosidl_generator_type_description
writing moteus_msgs.egg-info/PKG-INFO
writing dependency_links to moteus_msgs.egg-info/dependency_links.txt
writing top-level names to moteus_msgs.egg-info/top_level.txt
writing manifest file 'moteus_msgs.egg-info/SOURCES.txt'
[  4%] [34m[1mGenerating C code for ROS interfaces[0m
[  6%] [34m[1mGenerating C++ code for ROS interfaces[0m
reading manifest file 'moteus_msgs.egg-info/SOURCES.txt'
writing manifest file 'moteus_msgs.egg-info/SOURCES.txt'
[  6%] Built target ament_cmake_python_build_moteus_msgs_egg
[  6%] Built target moteus_msgs__cpp
[ 15%] [32mBuilding C object CMakeFiles/moteus_msgs__rosidl_generator_c.dir/rosidl_generator_c/moteus_msgs/msg/detail/position_command__type_support.c.o[0m
[ 15%] [32mBuilding C object CMakeFiles/moteus_msgs__rosidl_generator_c.dir/rosidl_generator_c/moteus_msgs/msg/detail/position_command__description.c.o[0m
[ 15%] [32mBuilding C object CMakeFiles/moteus_msgs__rosidl_generator_c.dir/rosidl_generator_c/moteus_msgs/msg/detail/controller_state__description.c.o[0m
[ 15%] [32mBuilding C object CMakeFiles/moteus_msgs__rosidl_generator_c.dir/rosidl_generator_c/moteus_msgs/msg/detail/position_command__functions.c.o[0m
[ 20%] [32mBuilding C object CMakeFiles/moteus_msgs__rosidl_generator_c.dir/rosidl_generator_c/moteus_msgs/msg/detail/controller_state__functions.c.o[0m
[ 20%] [32mBuilding C object CMakeFiles/moteus_msgs__rosidl_generator_c.dir/rosidl_generator_c/moteus_msgs/msg/detail/controller_state__type_support.c.o[0m
[ 22%] [32m[1mLinking C shared library libmoteus_msgs__rosidl_generator_c.so[0m
[ 22%] Built target moteus_msgs__rosidl_generator_c
[ 36%] [34m[1mGenerating C++ introspection for ROS interfaces[0m
[ 36%] [34m[1mGenerating C++ type support for eProsima Fast-RTPS[0m
[ 36%] [34m[1mGenerating C type support dispatch for ROS interfaces[0m
[ 36%] [34m[1mGenerating C type support for eProsima Fast-RTPS[0m
[ 36%] [34m[1mGenerating C introspection for ROS interfaces[0m
[ 36%] [34m[1mGenerating C++ type support dispatch for ROS interfaces[0m
[ 38%] [32mBuilding CXX object CMakeFiles/moteus_msgs__rosidl_typesupport_cpp.dir/rosidl_typesupport_cpp/moteus_msgs/msg/controller_state__type_support.cpp.o[0m
[ 40%] [32mBuilding CXX object CMakeFiles/moteus_msgs__rosidl_typesupport_cpp.dir/rosidl_typesupport_cpp/moteus_msgs/msg/position_command__type_support.cpp.o[0m
[ 45%] [32mBuilding CXX object CMakeFiles/moteus_msgs__rosidl_typesupport_c.dir/rosidl_typesupport_c/moteus_msgs/msg/controller_state__type_support.cpp.o[0m
[ 45%] [32mBuilding CXX object CMakeFiles/moteus_msgs__rosidl_typesupport_c.dir/rosidl_typesupport_c/moteus_msgs/msg/position_command__type_support.cpp.o[0m
[ 50%] [32mBuilding CXX object CMakeFiles/moteus_msgs__rosidl_typesupport_introspection_cpp.dir/rosidl_typesupport_introspection_cpp/moteus_msgs/msg/detail/controller_state__type_support.cpp.o[0m
[ 50%] [32mBuilding CXX object CMakeFiles/moteus_msgs__rosidl_typesupport_introspection_cpp.dir/rosidl_typesupport_introspection_cpp/moteus_msgs/msg/detail/position_command__type_support.cpp.o[0m
[ 52%] [32mBuilding C object CMakeFiles/moteus_msgs__rosidl_typesupport_introspection_c.dir/rosidl_typesupport_introspection_c/moteus_msgs/msg/detail/position_command__type_support.c.o[0m
[ 54%] [32mBuilding C object CMakeFiles/moteus_msgs__rosidl_typesupport_introspection_c.dir/rosidl_typesupport_introspection_c/moteus_msgs/msg/detail/controller_state__type_support.c.o[0m
[ 56%] [32m[1mLinking CXX shared library libmoteus_msgs__rosidl_typesupport_c.so[0m
[ 59%] [32mBuilding CXX object CMakeFiles/moteus_msgs__rosidl_typesupport_fastrtps_cpp.dir/rosidl_typesupport_fastrtps_cpp/moteus_msgs/msg/detail/dds_fastrtps/controller_state__type_support.cpp.o[0m
[ 61%] [32mBuilding CXX object CMakeFiles/moteus_msgs__rosidl_typesupport_fastrtps_cpp.dir/rosidl_typesupport_fastrtps_cpp/moteus_msgs/msg/detail/dds_fastrtps/position_command__type_support.cpp.o[0m
[ 63%] [32mBuilding CXX object CMakeFiles/moteus_msgs__rosidl_typesupport_fastrtps_c.dir/rosidl_typesupport_fastrtps_c/moteus_msgs/msg/detail/position_command__type_support_c.cpp.o[0m
[ 65%] [32mBuilding CXX object CMakeFiles/moteus_msgs__rosidl_typesupport_fastrtps_c.dir/rosidl_typesupport_fastrtps_c/moteus_msgs/msg/detail/controller_state__type_support_c.cpp.o[0m
[ 68%] [32m[1mLinking C shared library libmoteus_msgs__rosidl_typesupport_introspection_c.so[0m
[ 68%] Built target moteus_msgs__rosidl_typesupport_c
[ 68%] Built target moteus_msgs__rosidl_typesupport_introspection_c
[ 70%] [32m[1mLinking CXX shared library libmoteus_msgs__rosidl_typesupport_cpp.so[0m
[ 72%] [32m[1mLinking CXX shared library libmoteus_msgs__rosidl_typesupport_introspection_cpp.so[0m
[ 72%] Built target moteus_msgs__rosidl_typesupport_cpp
[ 72%] Built target moteus_msgs__rosidl_typesupport_introspection_cpp
[ 75%] [32m[1mLinking CXX shared library libmoteus_msgs__rosidl_typesupport_fastrtps_c.so[0m
[ 77%] [32m[1mLinking CXX shared library libmoteus_msgs__rosidl_typesupport_fastrtps_cpp.so[0m
[ 77%] Built target moteus_msgs__rosidl_typesupport_fastrtps_c
[ 77%] Built target moteus_msgs__rosidl_typesupport_fastrtps_cpp
[ 77%] Built target moteus_msgs
[ 79%] [34m[1mGenerating Python code for ROS interfaces[0m
[ 79%] Built target moteus_msgs__py
[ 84%] [32mBuilding C object CMakeFiles/moteus_msgs__rosidl_generator_py.dir/rosidl_generator_py/moteus_msgs/msg/_controller_state_s.c.o[0m
[ 84%] [32mBuilding C object CMakeFiles/moteus_msgs__rosidl_generator_py.dir/rosidl_generator_py/moteus_msgs/msg/_position_command_s.c.o[0m
[ 86%] [32m[1mLinking C shared library libmoteus_msgs__rosidl_generator_py.so[0m
[ 86%] Built target moteus_msgs__rosidl_generator_py
[ 93%] [32mBuilding C object CMakeFiles/moteus_msgs_s__rosidl_typesupport_fastrtps_c.dir/rosidl_generator_py/moteus_msgs/_moteus_msgs_s.ep.rosidl_typesupport_fastrtps_c.c.o[0m
[ 93%] [32mBuilding C object CMakeFiles/moteus_msgs_s__rosidl_typesupport_c.dir/rosidl_generator_py/moteus_msgs/_moteus_msgs_s.ep.rosidl_typesupport_c.c.o[0m
[ 93%] [32mBuilding C object CMakeFiles/moteus_msgs_s__rosidl_typesupport_introspection_c.dir/rosidl_generator_py/moteus_msgs/_moteus_msgs_s.ep.rosidl_typesupport_introspection_c.c.o[0m
[ 97%] [32m[1mLinking C shared module rosidl_generator_py/moteus_msgs/moteus_msgs_s__rosidl_typesupport_c.so[0m
[ 97%] [32m[1mLinking C shared module rosidl_generator_py/moteus_msgs/moteus_msgs_s__rosidl_typesupport_introspection_c.so[0m
[100%] [32m[1mLinking C shared module rosidl_generator_py/moteus_msgs/moteus_msgs_s__rosidl_typesupport_fastrtps_c.so[0m
[100%] Built target moteus_msgs_s__rosidl_typesupport_introspection_c
[100%] Built target moteus_msgs_s__rosidl_typesupport_c
[100%] Built target moteus_msgs_s__rosidl_typesupport_fastrtps_c
-- Install configuration: ""
-- Execute custom install script
-- Symlinking: /home/jared/dev_ws/install/moteus_msgs/share/ament_index/resource_index/rosidl_interfaces/moteus_msgs
-- Symlinking: /home/jared/dev_ws/install/moteus_msgs/share/moteus_msgs/msg/PositionCommand.json
-- Symlinking: /home/jared/dev_ws/install/moteus_msgs/share/moteus_msgs/msg/ControllerState.json
-- Symlinking: /home/jared/dev_ws/install/moteus_msgs/include/moteus_msgs/moteus_msgs/msg/controller_state.h
-- Symlinking: /home/jared/dev_ws/install/moteus_msgs/include/moteus_msgs/moteus_msgs/msg/detail/controller_state__functions.h
-- Symlinking: /home/jared/dev_ws/install/moteus_msgs/include/moteus_msgs/moteus_msgs/msg/detail/controller_state__struct.h
-- Symlinking: /home/jared/dev_ws/install/moteus_msgs/include/moteus_msgs/moteus_msgs/msg/detail/controller_state__type_support.h
-- Symlinking: /home/jared/dev_ws/install/moteus_msgs/include/moteus_msgs/moteus_msgs/msg/detail/position_command__functions.h
-- Symlinking: /home/jared/dev_ws/install/moteus_msgs/include/moteus_msgs/moteus_msgs/msg/detail/position_command__struct.h
-- Symlinking: /home/jared/dev_ws/install/moteus_msgs/include/moteus_msgs/moteus_msgs/msg/detail/position_command__type_support.h
-- Symlinking: /home/jared/dev_ws/install/moteus_msgs/include/moteus_msgs/moteus_msgs/msg/position_command.h
-- Symlinking: /home/jared/dev_ws/install/moteus_msgs/include/moteus_msgs/moteus_msgs/msg/rosidl_generator_c__visibility_control.h
-- Symlinking: /home/jared/dev_ws/install/moteus_msgs/share/moteus_msgs/environment/library_path.sh
-- Symlinking: /home/jared/dev_ws/install/moteus_msgs/share/moteus_msgs/environment/library_path.dsv
-- Symlinking: /home/jared/dev_ws/install/moteus_msgs/include/moteus_msgs/moteus_msgs/msg/detail/controller_state__rosidl_typesupport_fastrtps_c.h
-- Symlinking: /home/jared/dev_ws/install/moteus_msgs/include/moteus_msgs/moteus_msgs/msg/detail/position_command__rosidl_typesupport_fastrtps_c.h
-- Symlinking: /home/jared/dev_ws/install/moteus_msgs/include/moteus_msgs/moteus_msgs/msg/rosidl_typesupport_fastrtps_c__visibility_control.h
-- Symlinking: /home/jared/dev_ws/install/moteus_msgs/include/moteus_msgs/moteus_msgs/msg/detail/controller_state__rosidl_typesupport_introspection_c.h
-- Symlinking: /home/jared/dev_ws/install/moteus_msgs/include/moteus_msgs/moteus_msgs/msg/detail/position_command__rosidl_typesupport_introspection_c.h
-- Symlinking: /home/jared/dev_ws/install/moteus_msgs/include/moteus_msgs/moteus_msgs/msg/rosidl_typesupport_introspection_c__visibility_control.h
-- Symlinking: /home/jared/dev_ws/install/moteus_msgs/include/moteus_msgs/moteus_msgs/msg/controller_state.hpp
-- Symlinking: /home/jared/dev_ws/install/moteus_msgs/include/moteus_msgs/moteus_msgs/msg/detail/controller_state__builder.hpp
-- Symlinking: /home/jared/dev_ws/install/moteus_msgs/include/moteus_msgs/moteus_msgs/msg/detail/controller_state__struct.hpp
-- Symlinking: /home/jared/dev_ws/install/moteus_msgs/include/moteus_msgs/moteus_msgs/msg/detail/controller_state__traits.hpp
-- Symlinking: /home/jared/dev_ws/install/moteus_msgs/include/moteus_msgs/moteus_msgs/msg/detail/controller_state__type_support.hpp
-- Symlinking: /home/jared/dev_ws/install/moteus_msgs/include/moteus_msgs/moteus_msgs/msg/detail/position_command__builder.hpp
-- Symlinking: /home/jared/dev_ws/install/moteus_msgs/include/moteus_msgs/moteus_msgs/msg/detail/position_command__struct.hpp
-- Symlinking: /home/jared/dev_ws/install/moteus_msgs/include/moteus_msgs/moteus_msgs/msg/detail/position_command__traits.hpp
-- Symlinking: /home/jared/dev_ws/install/moteus_msgs/include/moteus_msgs/moteus_msgs/msg/detail/position_command__type_support.hpp
-- Symlinking: /home/jared/dev_ws/install/moteus_msgs/include/moteus_msgs/moteus_msgs/msg/position_command.hpp
-- Symlinking: /home/jared/dev_ws/install/moteus_msgs/include/moteus_msgs/moteus_msgs/msg/rosidl_generator_cpp__visibility_control.hpp
-- Symlinking: /home/jared/dev_ws/install/moteus_msgs/include/moteus_msgs/moteus_msgs/msg/detail/controller_state__rosidl_typesupport_fastrtps_cpp.hpp
-- Symlinking: /home/jared/dev_ws/install/moteus_msgs/include/moteus_msgs/moteus_msgs/msg/detail/position_command__rosidl_typesupport_fastrtps_cpp.hpp
-- Symlinking: /home/jared/dev_ws/install/moteus_msgs/include/moteus_msgs/moteus_msgs/msg/rosidl_typesupport_fastrtps_cpp__visibility_control.h
-- Symlinking: /home/jared/dev_ws/install/moteus_msgs/include/moteus_msgs/moteus_msgs/msg/detail/controller_state__rosidl_typesupport_introspection_cpp.hpp
-- Symlinking: /home/jared/dev_ws/install/moteus_msgs/include/moteus_msgs/moteus_msgs/msg/detail/position_command__rosidl_typesupport_introspection_cpp.hpp
-- Symlinking: /home/jared/dev_ws/install/moteus_msgs/share/moteus_msgs/environment/pythonpath.sh
-- Symlinking: /home/jared/dev_ws/install/moteus_msgs/share/moteus_msgs/environment/pythonpath.dsv
-- Symlinking: /home/jared/dev_ws/install/moteus_msgs/lib/python3.12/site-packages/moteus_msgs-0.0.0-py3.12.egg-info/PKG-INFO
-- Symlinking: /home/jared/dev_ws/install/moteus_msgs/lib/python3.12/site-packages/moteus_msgs-0.0.0-py3.12.egg-info/SOURCES.txt
-- Symlinking: /home/jared/dev_ws/install/moteus_msgs/lib/python3.12/site-packages/moteus_msgs-0.0.0-py3.12.egg-info/dependency_links.txt
-- Symlinking: /home/jared/dev_ws/install/moteus_msgs/lib/python3.12/site-packages/moteus_msgs-0.0.0-py3.12.egg-info/top_level.txt
-- Symlinking: /home/jared/dev_ws/install/moteus_msgs/lib/python3.12/site-packages/moteus_msgs/__init__.py
-- Symlinking: /home/jared/dev_ws/install/moteus_msgs/lib/python3.12/site-packages/moteus_msgs/_moteus_msgs_s.ep.rosidl_typesupport_c.c
-- Symlinking: /home/jared/dev_ws/install/moteus_msgs/lib/python3.12/site-packages/moteus_msgs/_moteus_msgs_s.ep.rosidl_typesupport_fastrtps_c.c
-- Symlinking: /home/jared/dev_ws/install/moteus_msgs/lib/python3.12/site-packages/moteus_msgs/_moteus_msgs_s.ep.rosidl_typesupport_introspection_c.c
-- Symlinking: /home/jared/dev_ws/install/moteus_msgs/lib/python3.12/site-packages/moteus_msgs/moteus_msgs_s__rosidl_typesupport_c.so
-- Symlinking: /home/jared/dev_ws/install/moteus_msgs/lib/python3.12/site-packages/moteus_msgs/moteus_msgs_s__rosidl_typesupport_fastrtps_c.so
-- Symlinking: /home/jared/dev_ws/install/moteus_msgs/lib/python3.12/site-packages/moteus_msgs/moteus_msgs_s__rosidl_typesupport_introspection_c.so
-- Symlinking: /home/jared/dev_ws/install/moteus_msgs/lib/python3.12/site-packages/moteus_msgs/msg/__init__.py
-- Symlinking: /home/jared/dev_ws/install/moteus_msgs/lib/python3.12/site-packages/moteus_msgs/msg/_controller_state.py
-- Symlinking: /home/jared/dev_ws/install/moteus_msgs/lib/python3.12/site-packages/moteus_msgs/msg/_controller_state_s.c
-- Symlinking: /home/jared/dev_ws/install/moteus_msgs/lib/python3.12/site-packages/moteus_msgs/msg/_position_command.py
-- Symlinking: /home/jared/dev_ws/install/moteus_msgs/lib/python3.12/site-packages/moteus_msgs/msg/_position_command_s.c
-- Up-to-date symlink: /home/jared/dev_ws/install/moteus_msgs/lib/python3.12/site-packages/moteus_msgs/moteus_msgs_s__rosidl_typesupport_fastrtps_c.so
-- Up-to-date symlink: /home/jared/dev_ws/install/moteus_msgs/lib/python3.12/site-packages/moteus_msgs/moteus_msgs_s__rosidl_typesupport_introspection_c.so
-- Up-to-date symlink: /home/jared/dev_ws/install/moteus_msgs/lib/python3.12/site-packages/moteus_msgs/moteus_msgs_s__rosidl_typesupport_c.so
-- Symlinking: /home/jared/dev_ws/install/moteus_msgs/share/moteus_msgs/msg/PositionCommand.idl
-- Symlinking: /home/jared/dev_ws/install/moteus_msgs/share/moteus_msgs/msg/ControllerState.idl
-- Symlinking: /home/jared/dev_ws/install/moteus_msgs/share/moteus_msgs/msg/PositionCommand.msg
-- Symlinking: /home/jared/dev_ws/install/moteus_msgs/share/moteus_msgs/msg/ControllerState.msg
-- Symlinking: /home/jared/dev_ws/install/moteus_msgs/share/ament_index/resource_index/package_run_dependencies/moteus_msgs
-- Symlinking: /home/jared/dev_ws/install/moteus_msgs/share/ament_index/resource_index/parent_prefix_path/moteus_msgs
-- Symlinking: /home/jared/dev_ws/install/moteus_msgs/share/moteus_msgs/environment/ament_prefix_path.sh
-- Symlinking: /home/jared/dev_ws/install/moteus_msgs/share/moteus_msgs/environment/ament_prefix_path.dsv
-- Symlinking: /home/jared/dev_ws/install/moteus_msgs/share/moteus_msgs/environment/path.sh
-- Symlinking: /home/jared/dev_ws/install/moteus_msgs/share/moteus_msgs/environment/path.dsv
-- Symlinking: /home/jared/dev_ws/install/moteus_msgs/share/moteus_msgs/local_setup.bash
-- Symlinking: /home/jared/dev_ws/install/moteus_msgs/share/moteus_msgs/local_setup.sh
-- Symlinking: /home/jared/dev_ws/install/moteus_msgs/share/moteus_msgs/local_setup.zsh
-- Symlinking: /home/jared/dev_ws/install/moteus_msgs/share/moteus_msgs/local_setup.dsv
-- Symlinking: /home/jared/dev_ws/install/moteus_msgs/share/moteus_msgs/package.dsv
-- Symlinking: /home/jared/dev_ws/install/moteus_msgs/share/ament_index/resource_index/packages/moteus_msgs
-- Symlinking: /home/jared/dev_ws/install/moteus_msgs/share/moteus_msgs/cmake/rosidl_cmake-extras.cmake
-- Symlinking: /home/jared/dev_ws/install/moteus_msgs/share/moteus_msgs/cmake/ament_cmake_export_include_directories-extras.cmake
-- Symlinking: /home/jared/dev_ws/install/moteus_msgs/share/moteus_msgs/cmake/ament_cmake_export_libraries-extras.cmake
-- Symlinking: /home/jared/dev_ws/install/moteus_msgs/share/moteus_msgs/cmake/ament_cmake_export_targets-extras.cmake
-- Symlinking: /home/jared/dev_ws/install/moteus_msgs/share/moteus_msgs/cmake/rosidl_cmake_export_typesupport_targets-extras.cmake
-- Symlinking: /home/jared/dev_ws/install/moteus_msgs/share/moteus_msgs/cmake/ament_cmake_export_dependencies-extras.cmake
-- Symlinking: /home/jared/dev_ws/install/moteus_msgs/share/moteus_msgs/cmake/rosidl_cmake_export_typesupport_libraries-extras.cmake
-- Symlinking: /home/jared/dev_ws/install/moteus_msgs/share/moteus_msgs/cmake/moteus_msgsConfig.cmake
-- Symlinking: /home/jared/dev_ws/install/moteus_msgs/share/moteus_msgs/cmake/moteus_msgsConfig-version.cmake
-- Symlinking: /home/jared/dev_ws/install/moteus_msgs/share/moteus_msgs/package.xml
-- Installing: /home/jared/dev_ws/install/moteus_msgs/lib/libmoteus_msgs__rosidl_generator_c.so
-- Set non-toolchain portion of runtime path of "/home/jared/dev_ws/install/moteus_msgs/lib/libmoteus_msgs__rosidl_generator_c.so" to ""
-- Installing: /home/jared/dev_ws/install/moteus_msgs/lib/libmoteus_msgs__rosidl_typesupport_fastrtps_c.so
-- Set non-toolchain portion of runtime path of "/home/jared/dev_ws/install/moteus_msgs/lib/libmoteus_msgs__rosidl_typesupport_fastrtps_c.so" to ""
-- Installing: /home/jared/dev_ws/install/moteus_msgs/lib/libmoteus_msgs__rosidl_typesupport_introspection_c.so
-- Set non-toolchain portion of runtime path of "/home/jared/dev_ws/install/moteus_msgs/lib/libmoteus_msgs__rosidl_typesupport_introspection_c.so" to ""
-- Installing: /home/jared/dev_ws/install/moteus_msgs/lib/libmoteus_msgs__rosidl_typesupport_c.so
-- Set non-toolchain portion of runtime path of "/home/jared/dev_ws/install/moteus_msgs/lib/libmoteus_msgs__rosidl_typesupport_c.so" to ""
-- Installing: /home/jared/dev_ws/install/moteus_msgs/lib/libmoteus_msgs__rosidl_typesupport_fastrtps_cpp.so
-- Set non-toolchain portion of runtime path of "/home/jared/dev_ws/install/moteus_msgs/lib/libmoteus_msgs__rosidl_typesupport_fastrtps_cpp.so" to ""
-- Installing: /home/jared/dev_ws/install/moteus_msgs/lib/libmoteus_msgs__rosidl_typesupport_introspection_cpp.so
-- Set non-toolchain portion of runtime path of "/home/jared/dev_ws/install/moteus_msgs/lib/libmoteus_msgs__rosidl_typesupport_introspection_cpp.so" to ""
-- Installing: /home/jared/dev_ws/install/moteus_msgs/lib/libmoteus_msgs__rosidl_typesupport_cpp.so
-- Set non-toolchain portion of runtime path of "/home/jared/dev_ws/install/moteus_msgs/lib/libmoteus_msgs__rosidl_typesupport_cpp.so" to ""
Listing '/home/jared/dev_ws/install/moteus_msgs/lib/python3.12/site-packages/moteus_msgs'...
Compiling '/home/jared/dev_ws/install/moteus_msgs/lib/python3.12/site-packages/moteus_msgs/__init__.py'...
Listing '/home/jared/dev_ws/install/moteus_msgs/lib/python3.12/site-packages/moteus_msgs/msg'...
Compiling '/home/jared/dev_ws/install/moteus_msgs/lib/python3.12/site-packages/moteus_msgs/msg/__init__.py'...
Compiling '/home/jared/dev_ws/install/moteus_msgs/lib/python3.12/site-packages/moteus_msgs/msg/_controller_state.py'...
Compiling '/home/jared/dev_ws/install/moteus_msgs/lib/python3.12/site-packages/moteus_msgs/msg/_position_command.py'...
-- Installing: /home/jared/dev_ws/install/moteus_msgs/lib/libmoteus_msgs__rosidl_generator_py.so
-- Set non-toolchain portion of runtime path of "/home/jared/dev_ws/install/moteus_msgs/lib/libmoteus_msgs__rosidl_generator_py.so" to ""
-- Installing: /home/jared/dev_ws/install/moteus_msgs/share/moteus_msgs/cmake/export_moteus_msgs__rosidl_generator_cExport.cmake
-- Installing: /home/jared/dev_ws/install/moteus_msgs/share/moteus_msgs/cmake/export_moteus_msgs__rosidl_generator_cExport-noconfig.cmake
-- Installing: /home/jared/dev_ws/install/moteus_msgs/share/moteus_msgs/cmake/export_moteus_msgs__rosidl_typesupport_fastrtps_cExport.cmake
-- Installing: /home/jared/dev_ws/install/moteus_msgs/share/moteus_msgs/cmake/export_moteus_msgs__rosidl_typesupport_fastrtps_cExport-noconfig.cmake
-- Installing: /home/jared/dev_ws/install/moteus_msgs/share/moteus_msgs/cmake/moteus_msgs__rosidl_typesupport_introspection_cExport.cmake
-- Installing: /home/jared/dev_ws/install/moteus_msgs/share/moteus_msgs/cmake/moteus_msgs__rosidl_typesupport_introspection_cExport-noconfig.cmake
-- Installing: /home/jared/dev_ws/install/moteus_msgs/share/moteus_msgs/cmake/moteus_msgs__rosidl_typesupport_cExport.cmake
-- Installing: /home/jared/dev_ws/install/moteus_msgs/share/moteus_msgs/cmake/moteus_msgs__rosidl_typesupport_cExport-noconfig.cmake
-- Installing: /home/jared/dev_ws/install/moteus_msgs/share/moteus_msgs/cmake/export_moteus_msgs__rosidl_generator_cppExport.cmake
-- Installing: /home/jared/dev_ws/install/moteus_msgs/share/moteus_msgs/cmake/export_moteus_msgs__rosidl_typesupport_fastrtps_cppExport.cmake
-- Installing: /home/jared/dev_ws/install/moteus_msgs/share/moteus_msgs/cmake/export_moteus_msgs__rosidl_typesupport_fastrtps_cppExport-noconfig.cmake
-- Installing: /home/jared/dev_ws/install/moteus_msgs/share/moteus_msgs/cmake/moteus_msgs__rosidl_typesupport_introspection_cppExport.cmake
-- Installing: /home/jared/dev_ws/install/moteus_msgs/share/moteus_msgs/cmake/moteus_msgs__rosidl_typesupport_introspection_cppExport-noconfig.cmake
-- Installing: /home/jared/dev_ws/install/moteus_msgs/share/moteus_msgs/cmake/moteus_msgs__rosidl_typesupport_cppExport.cmake
-- Installing: /home/jared/dev_ws/install/moteus_msgs/share/moteus_msgs/cmake/moteus_msgs__rosidl_typesupport_cppExport-noconfig.cmake
-- Installing: /home/jared/dev_ws/install/moteus_msgs/share/moteus_msgs/cmake/export_moteus_msgs__rosidl_generator_pyExport.cmake
-- Installing: /home/jared/dev_ws/install/moteus_msgs/share/moteus_msgs/cmake/export_moteus_msgs__rosidl_generator_pyExport-noconfig.cmake
