[0.010s] Invoking command in '/home/jared/dev_ws/build/moteus_msgs': /usr/bin/cmake /home/jared/dev_ws/src/moteus_ros2/src/moteus_msgs -DAMENT_CMAKE_SYMLINK_INSTALL=1 -DCMAKE_INSTALL_PREFIX=/home/jared/dev_ws/install/moteus_msgs
[0.025s] -- Found ament_cmake: 2.5.2 (/opt/ros/jazzy/share/ament_cmake/cmake)
[0.136s] -- Found Python3: /usr/bin/python3 (found version "3.12.3") found components: Interpreter 
[0.200s] -- Override CMake install command with custom implementation using symlinks instead of copying resources
[0.245s] -- Found rosidl_default_generators: 1.6.0 (/opt/ros/jazzy/share/rosidl_default_generators/cmake)
[0.252s] -- Using all available rosidl_typesupport_c: rosidl_typesupport_fastrtps_c;rosidl_typesupport_introspection_c
[0.416s] -- Using all available rosidl_typesupport_cpp: rosidl_typesupport_fastrtps_cpp;rosidl_typesupport_introspection_cpp
[0.471s] -- Found rosidl_adapter: 4.6.3 (/opt/ros/jazzy/share/rosidl_adapter/cmake)
[0.911s] -- Found ament_cmake_ros: 0.12.0 (/opt/ros/jazzy/share/ament_cmake_ros/cmake)
[1.229s] -- Using all available rosidl_typesupport_c: rosidl_typesupport_fastrtps_c;rosidl_typesupport_introspection_c
[1.638s] -- Using all available rosidl_typesupport_cpp: rosidl_typesupport_fastrtps_cpp;rosidl_typesupport_introspection_cpp
[1.641s] -- Found python_cmake_module: 0.11.1 (/opt/ros/jazzy/share/python_cmake_module/cmake)
[1.741s] -- Found PythonExtra: /usr/bin/python3  
[2.114s] -- Found Python3: /usr/bin/python3 (found version "3.12.3") found components: Interpreter Development NumPy Development.Module Development.Embed 
[2.142s] -- Found ament_lint_auto: 0.17.1 (/opt/ros/jazzy/share/ament_lint_auto/cmake)
[2.165s] -- Added test 'lint_cmake' to check CMake code style
[2.166s] -- Added test 'xmllint' to check XML markup files
[2.170s] -- Configuring done (2.2s)
[2.211s] -- Generating done (0.0s)
[2.213s] -- Build files have been written to: /home/jared/dev_ws/build/moteus_msgs
[2.219s] Invoked command in '/home/jared/dev_ws/build/moteus_msgs' returned '0': /usr/bin/cmake /home/jared/dev_ws/src/moteus_ros2/src/moteus_msgs -DAMENT_CMAKE_SYMLINK_INSTALL=1 -DCMAKE_INSTALL_PREFIX=/home/jared/dev_ws/install/moteus_msgs
[2.220s] Invoking command in '/home/jared/dev_ws/build/moteus_msgs': /usr/bin/cmake --build /home/jared/dev_ws/build/moteus_msgs -- -j16 -l16
[2.255s] [  2%] [34m[1mGenerating type hashes for ROS interfaces[0m
[2.261s] [  2%] Built target ament_cmake_python_symlink_moteus_msgs
[2.432s] running egg_info
[2.432s] creating moteus_msgs.egg-info
[2.449s] [  2%] Built target moteus_msgs__rosidl_generator_type_description
[2.449s] writing moteus_msgs.egg-info/PKG-INFO
[2.449s] writing dependency_links to moteus_msgs.egg-info/dependency_links.txt
[2.449s] writing top-level names to moteus_msgs.egg-info/top_level.txt
[2.449s] writing manifest file 'moteus_msgs.egg-info/SOURCES.txt'
[2.456s] [  4%] [34m[1mGenerating C code for ROS interfaces[0m
[2.463s] [  6%] [34m[1mGenerating C++ code for ROS interfaces[0m
[2.500s] reading manifest file 'moteus_msgs.egg-info/SOURCES.txt'
[2.500s] writing manifest file 'moteus_msgs.egg-info/SOURCES.txt'
[2.520s] [  6%] Built target ament_cmake_python_build_moteus_msgs_egg
[2.705s] [  6%] Built target moteus_msgs__cpp
[2.733s] [ 15%] [32mBuilding C object CMakeFiles/moteus_msgs__rosidl_generator_c.dir/rosidl_generator_c/moteus_msgs/msg/detail/position_command__type_support.c.o[0m
[2.733s] [ 15%] [32mBuilding C object CMakeFiles/moteus_msgs__rosidl_generator_c.dir/rosidl_generator_c/moteus_msgs/msg/detail/position_command__description.c.o[0m
[2.733s] [ 15%] [32mBuilding C object CMakeFiles/moteus_msgs__rosidl_generator_c.dir/rosidl_generator_c/moteus_msgs/msg/detail/controller_state__description.c.o[0m
[2.733s] [ 15%] [32mBuilding C object CMakeFiles/moteus_msgs__rosidl_generator_c.dir/rosidl_generator_c/moteus_msgs/msg/detail/position_command__functions.c.o[0m
[2.734s] [ 20%] [32mBuilding C object CMakeFiles/moteus_msgs__rosidl_generator_c.dir/rosidl_generator_c/moteus_msgs/msg/detail/controller_state__functions.c.o[0m
[2.734s] [ 20%] [32mBuilding C object CMakeFiles/moteus_msgs__rosidl_generator_c.dir/rosidl_generator_c/moteus_msgs/msg/detail/controller_state__type_support.c.o[0m
[2.799s] [ 22%] [32m[1mLinking C shared library libmoteus_msgs__rosidl_generator_c.so[0m
[2.893s] [ 22%] Built target moteus_msgs__rosidl_generator_c
[2.901s] [ 36%] [34m[1mGenerating C++ introspection for ROS interfaces[0m
[2.901s] [ 36%] [34m[1mGenerating C++ type support for eProsima Fast-RTPS[0m
[2.901s] [ 36%] [34m[1mGenerating C type support dispatch for ROS interfaces[0m
[2.901s] [ 36%] [34m[1mGenerating C type support for eProsima Fast-RTPS[0m
[2.901s] [ 36%] [34m[1mGenerating C introspection for ROS interfaces[0m
[2.901s] [ 36%] [34m[1mGenerating C++ type support dispatch for ROS interfaces[0m
[3.132s] [ 38%] [32mBuilding CXX object CMakeFiles/moteus_msgs__rosidl_typesupport_cpp.dir/rosidl_typesupport_cpp/moteus_msgs/msg/controller_state__type_support.cpp.o[0m
[3.133s] [ 40%] [32mBuilding CXX object CMakeFiles/moteus_msgs__rosidl_typesupport_cpp.dir/rosidl_typesupport_cpp/moteus_msgs/msg/position_command__type_support.cpp.o[0m
[3.137s] [ 45%] [32mBuilding CXX object CMakeFiles/moteus_msgs__rosidl_typesupport_c.dir/rosidl_typesupport_c/moteus_msgs/msg/controller_state__type_support.cpp.o[0m
[3.137s] [ 45%] [32mBuilding CXX object CMakeFiles/moteus_msgs__rosidl_typesupport_c.dir/rosidl_typesupport_c/moteus_msgs/msg/position_command__type_support.cpp.o[0m
[3.156s] [ 50%] [32mBuilding CXX object CMakeFiles/moteus_msgs__rosidl_typesupport_introspection_cpp.dir/rosidl_typesupport_introspection_cpp/moteus_msgs/msg/detail/controller_state__type_support.cpp.o[0m
[3.156s] [ 50%] [32mBuilding CXX object CMakeFiles/moteus_msgs__rosidl_typesupport_introspection_cpp.dir/rosidl_typesupport_introspection_cpp/moteus_msgs/msg/detail/position_command__type_support.cpp.o[0m
[3.172s] [ 52%] [32mBuilding C object CMakeFiles/moteus_msgs__rosidl_typesupport_introspection_c.dir/rosidl_typesupport_introspection_c/moteus_msgs/msg/detail/position_command__type_support.c.o[0m
[3.172s] [ 54%] [32mBuilding C object CMakeFiles/moteus_msgs__rosidl_typesupport_introspection_c.dir/rosidl_typesupport_introspection_c/moteus_msgs/msg/detail/controller_state__type_support.c.o[0m
[3.186s] [ 56%] [32m[1mLinking CXX shared library libmoteus_msgs__rosidl_typesupport_c.so[0m
[3.186s] [ 59%] [32mBuilding CXX object CMakeFiles/moteus_msgs__rosidl_typesupport_fastrtps_cpp.dir/rosidl_typesupport_fastrtps_cpp/moteus_msgs/msg/detail/dds_fastrtps/controller_state__type_support.cpp.o[0m
[3.187s] [ 61%] [32mBuilding CXX object CMakeFiles/moteus_msgs__rosidl_typesupport_fastrtps_cpp.dir/rosidl_typesupport_fastrtps_cpp/moteus_msgs/msg/detail/dds_fastrtps/position_command__type_support.cpp.o[0m
[3.194s] [ 63%] [32mBuilding CXX object CMakeFiles/moteus_msgs__rosidl_typesupport_fastrtps_c.dir/rosidl_typesupport_fastrtps_c/moteus_msgs/msg/detail/position_command__type_support_c.cpp.o[0m
[3.194s] [ 65%] [32mBuilding CXX object CMakeFiles/moteus_msgs__rosidl_typesupport_fastrtps_c.dir/rosidl_typesupport_fastrtps_c/moteus_msgs/msg/detail/controller_state__type_support_c.cpp.o[0m
[3.246s] [ 68%] [32m[1mLinking C shared library libmoteus_msgs__rosidl_typesupport_introspection_c.so[0m
[3.298s] [ 68%] Built target moteus_msgs__rosidl_typesupport_c
[3.362s] [ 68%] Built target moteus_msgs__rosidl_typesupport_introspection_c
[3.519s] [ 70%] [32m[1mLinking CXX shared library libmoteus_msgs__rosidl_typesupport_cpp.so[0m
[3.572s] [ 72%] [32m[1mLinking CXX shared library libmoteus_msgs__rosidl_typesupport_introspection_cpp.so[0m
[3.629s] [ 72%] Built target moteus_msgs__rosidl_typesupport_cpp
[3.703s] [ 72%] Built target moteus_msgs__rosidl_typesupport_introspection_cpp
[3.715s] [ 75%] [32m[1mLinking CXX shared library libmoteus_msgs__rosidl_typesupport_fastrtps_c.so[0m
[3.737s] [ 77%] [32m[1mLinking CXX shared library libmoteus_msgs__rosidl_typesupport_fastrtps_cpp.so[0m
[3.823s] [ 77%] Built target moteus_msgs__rosidl_typesupport_fastrtps_c
[3.855s] [ 77%] Built target moteus_msgs__rosidl_typesupport_fastrtps_cpp
[3.869s] [ 77%] Built target moteus_msgs
[3.883s] [ 79%] [34m[1mGenerating Python code for ROS interfaces[0m
[4.230s] [ 79%] Built target moteus_msgs__py
[4.244s] [ 84%] [32mBuilding C object CMakeFiles/moteus_msgs__rosidl_generator_py.dir/rosidl_generator_py/moteus_msgs/msg/_controller_state_s.c.o[0m
[4.245s] [ 84%] [32mBuilding C object CMakeFiles/moteus_msgs__rosidl_generator_py.dir/rosidl_generator_py/moteus_msgs/msg/_position_command_s.c.o[0m
[4.504s] [ 86%] [32m[1mLinking C shared library libmoteus_msgs__rosidl_generator_py.so[0m
[4.602s] [ 86%] Built target moteus_msgs__rosidl_generator_py
[4.617s] [ 93%] [32mBuilding C object CMakeFiles/moteus_msgs_s__rosidl_typesupport_fastrtps_c.dir/rosidl_generator_py/moteus_msgs/_moteus_msgs_s.ep.rosidl_typesupport_fastrtps_c.c.o[0m
[4.617s] [ 93%] [32mBuilding C object CMakeFiles/moteus_msgs_s__rosidl_typesupport_c.dir/rosidl_generator_py/moteus_msgs/_moteus_msgs_s.ep.rosidl_typesupport_c.c.o[0m
[4.617s] [ 93%] [32mBuilding C object CMakeFiles/moteus_msgs_s__rosidl_typesupport_introspection_c.dir/rosidl_generator_py/moteus_msgs/_moteus_msgs_s.ep.rosidl_typesupport_introspection_c.c.o[0m
[4.710s] [ 97%] [32m[1mLinking C shared module rosidl_generator_py/moteus_msgs/moteus_msgs_s__rosidl_typesupport_c.so[0m
[4.710s] [ 97%] [32m[1mLinking C shared module rosidl_generator_py/moteus_msgs/moteus_msgs_s__rosidl_typesupport_introspection_c.so[0m
[4.713s] [100%] [32m[1mLinking C shared module rosidl_generator_py/moteus_msgs/moteus_msgs_s__rosidl_typesupport_fastrtps_c.so[0m
[4.779s] [100%] Built target moteus_msgs_s__rosidl_typesupport_introspection_c
[4.779s] [100%] Built target moteus_msgs_s__rosidl_typesupport_c
[4.809s] [100%] Built target moteus_msgs_s__rosidl_typesupport_fastrtps_c
[4.819s] Invoked command in '/home/jared/dev_ws/build/moteus_msgs' returned '0': /usr/bin/cmake --build /home/jared/dev_ws/build/moteus_msgs -- -j16 -l16
[4.884s] Invoking command in '/home/jared/dev_ws/build/moteus_msgs': /usr/bin/cmake --install /home/jared/dev_ws/build/moteus_msgs
[4.892s] -- Install configuration: ""
[4.893s] -- Execute custom install script
[4.894s] -- Symlinking: /home/jared/dev_ws/install/moteus_msgs/share/ament_index/resource_index/rosidl_interfaces/moteus_msgs
[4.901s] -- Symlinking: /home/jared/dev_ws/install/moteus_msgs/share/moteus_msgs/msg/PositionCommand.json
[4.907s] -- Symlinking: /home/jared/dev_ws/install/moteus_msgs/share/moteus_msgs/msg/ControllerState.json
[4.914s] -- Symlinking: /home/jared/dev_ws/install/moteus_msgs/include/moteus_msgs/moteus_msgs/msg/controller_state.h
[4.921s] -- Symlinking: /home/jared/dev_ws/install/moteus_msgs/include/moteus_msgs/moteus_msgs/msg/detail/controller_state__functions.h
[4.928s] -- Symlinking: /home/jared/dev_ws/install/moteus_msgs/include/moteus_msgs/moteus_msgs/msg/detail/controller_state__struct.h
[4.935s] -- Symlinking: /home/jared/dev_ws/install/moteus_msgs/include/moteus_msgs/moteus_msgs/msg/detail/controller_state__type_support.h
[4.941s] -- Symlinking: /home/jared/dev_ws/install/moteus_msgs/include/moteus_msgs/moteus_msgs/msg/detail/position_command__functions.h
[4.948s] -- Symlinking: /home/jared/dev_ws/install/moteus_msgs/include/moteus_msgs/moteus_msgs/msg/detail/position_command__struct.h
[4.954s] -- Symlinking: /home/jared/dev_ws/install/moteus_msgs/include/moteus_msgs/moteus_msgs/msg/detail/position_command__type_support.h
[4.960s] -- Symlinking: /home/jared/dev_ws/install/moteus_msgs/include/moteus_msgs/moteus_msgs/msg/position_command.h
[4.967s] -- Symlinking: /home/jared/dev_ws/install/moteus_msgs/include/moteus_msgs/moteus_msgs/msg/rosidl_generator_c__visibility_control.h
[4.973s] -- Symlinking: /home/jared/dev_ws/install/moteus_msgs/share/moteus_msgs/environment/library_path.sh
[4.980s] -- Symlinking: /home/jared/dev_ws/install/moteus_msgs/share/moteus_msgs/environment/library_path.dsv
[4.987s] -- Symlinking: /home/jared/dev_ws/install/moteus_msgs/include/moteus_msgs/moteus_msgs/msg/detail/controller_state__rosidl_typesupport_fastrtps_c.h
[4.993s] -- Symlinking: /home/jared/dev_ws/install/moteus_msgs/include/moteus_msgs/moteus_msgs/msg/detail/position_command__rosidl_typesupport_fastrtps_c.h
[5.001s] -- Symlinking: /home/jared/dev_ws/install/moteus_msgs/include/moteus_msgs/moteus_msgs/msg/rosidl_typesupport_fastrtps_c__visibility_control.h
[5.007s] -- Symlinking: /home/jared/dev_ws/install/moteus_msgs/include/moteus_msgs/moteus_msgs/msg/detail/controller_state__rosidl_typesupport_introspection_c.h
[5.014s] -- Symlinking: /home/jared/dev_ws/install/moteus_msgs/include/moteus_msgs/moteus_msgs/msg/detail/position_command__rosidl_typesupport_introspection_c.h
[5.021s] -- Symlinking: /home/jared/dev_ws/install/moteus_msgs/include/moteus_msgs/moteus_msgs/msg/rosidl_typesupport_introspection_c__visibility_control.h
[5.028s] -- Symlinking: /home/jared/dev_ws/install/moteus_msgs/include/moteus_msgs/moteus_msgs/msg/controller_state.hpp
[5.034s] -- Symlinking: /home/jared/dev_ws/install/moteus_msgs/include/moteus_msgs/moteus_msgs/msg/detail/controller_state__builder.hpp
[5.041s] -- Symlinking: /home/jared/dev_ws/install/moteus_msgs/include/moteus_msgs/moteus_msgs/msg/detail/controller_state__struct.hpp
[5.047s] -- Symlinking: /home/jared/dev_ws/install/moteus_msgs/include/moteus_msgs/moteus_msgs/msg/detail/controller_state__traits.hpp
[5.054s] -- Symlinking: /home/jared/dev_ws/install/moteus_msgs/include/moteus_msgs/moteus_msgs/msg/detail/controller_state__type_support.hpp
[5.061s] -- Symlinking: /home/jared/dev_ws/install/moteus_msgs/include/moteus_msgs/moteus_msgs/msg/detail/position_command__builder.hpp
[5.067s] -- Symlinking: /home/jared/dev_ws/install/moteus_msgs/include/moteus_msgs/moteus_msgs/msg/detail/position_command__struct.hpp
[5.074s] -- Symlinking: /home/jared/dev_ws/install/moteus_msgs/include/moteus_msgs/moteus_msgs/msg/detail/position_command__traits.hpp
[5.080s] -- Symlinking: /home/jared/dev_ws/install/moteus_msgs/include/moteus_msgs/moteus_msgs/msg/detail/position_command__type_support.hpp
[5.087s] -- Symlinking: /home/jared/dev_ws/install/moteus_msgs/include/moteus_msgs/moteus_msgs/msg/position_command.hpp
[5.094s] -- Symlinking: /home/jared/dev_ws/install/moteus_msgs/include/moteus_msgs/moteus_msgs/msg/rosidl_generator_cpp__visibility_control.hpp
[5.100s] -- Symlinking: /home/jared/dev_ws/install/moteus_msgs/include/moteus_msgs/moteus_msgs/msg/detail/controller_state__rosidl_typesupport_fastrtps_cpp.hpp
[5.107s] -- Symlinking: /home/jared/dev_ws/install/moteus_msgs/include/moteus_msgs/moteus_msgs/msg/detail/position_command__rosidl_typesupport_fastrtps_cpp.hpp
[5.113s] -- Symlinking: /home/jared/dev_ws/install/moteus_msgs/include/moteus_msgs/moteus_msgs/msg/rosidl_typesupport_fastrtps_cpp__visibility_control.h
[5.120s] -- Symlinking: /home/jared/dev_ws/install/moteus_msgs/include/moteus_msgs/moteus_msgs/msg/detail/controller_state__rosidl_typesupport_introspection_cpp.hpp
[5.126s] -- Symlinking: /home/jared/dev_ws/install/moteus_msgs/include/moteus_msgs/moteus_msgs/msg/detail/position_command__rosidl_typesupport_introspection_cpp.hpp
[5.132s] -- Symlinking: /home/jared/dev_ws/install/moteus_msgs/share/moteus_msgs/environment/pythonpath.sh
[5.139s] -- Symlinking: /home/jared/dev_ws/install/moteus_msgs/share/moteus_msgs/environment/pythonpath.dsv
[5.146s] -- Symlinking: /home/jared/dev_ws/install/moteus_msgs/lib/python3.12/site-packages/moteus_msgs-0.0.0-py3.12.egg-info/PKG-INFO
[5.152s] -- Symlinking: /home/jared/dev_ws/install/moteus_msgs/lib/python3.12/site-packages/moteus_msgs-0.0.0-py3.12.egg-info/SOURCES.txt
[5.159s] -- Symlinking: /home/jared/dev_ws/install/moteus_msgs/lib/python3.12/site-packages/moteus_msgs-0.0.0-py3.12.egg-info/dependency_links.txt
[5.165s] -- Symlinking: /home/jared/dev_ws/install/moteus_msgs/lib/python3.12/site-packages/moteus_msgs-0.0.0-py3.12.egg-info/top_level.txt
[5.172s] -- Symlinking: /home/jared/dev_ws/install/moteus_msgs/lib/python3.12/site-packages/moteus_msgs/__init__.py
[5.178s] -- Symlinking: /home/jared/dev_ws/install/moteus_msgs/lib/python3.12/site-packages/moteus_msgs/_moteus_msgs_s.ep.rosidl_typesupport_c.c
[5.185s] -- Symlinking: /home/jared/dev_ws/install/moteus_msgs/lib/python3.12/site-packages/moteus_msgs/_moteus_msgs_s.ep.rosidl_typesupport_fastrtps_c.c
[5.191s] -- Symlinking: /home/jared/dev_ws/install/moteus_msgs/lib/python3.12/site-packages/moteus_msgs/_moteus_msgs_s.ep.rosidl_typesupport_introspection_c.c
[5.197s] -- Symlinking: /home/jared/dev_ws/install/moteus_msgs/lib/python3.12/site-packages/moteus_msgs/moteus_msgs_s__rosidl_typesupport_c.so
[5.204s] -- Symlinking: /home/jared/dev_ws/install/moteus_msgs/lib/python3.12/site-packages/moteus_msgs/moteus_msgs_s__rosidl_typesupport_fastrtps_c.so
[5.210s] -- Symlinking: /home/jared/dev_ws/install/moteus_msgs/lib/python3.12/site-packages/moteus_msgs/moteus_msgs_s__rosidl_typesupport_introspection_c.so
[5.217s] -- Symlinking: /home/jared/dev_ws/install/moteus_msgs/lib/python3.12/site-packages/moteus_msgs/msg/__init__.py
[5.224s] -- Symlinking: /home/jared/dev_ws/install/moteus_msgs/lib/python3.12/site-packages/moteus_msgs/msg/_controller_state.py
[5.230s] -- Symlinking: /home/jared/dev_ws/install/moteus_msgs/lib/python3.12/site-packages/moteus_msgs/msg/_controller_state_s.c
[5.237s] -- Symlinking: /home/jared/dev_ws/install/moteus_msgs/lib/python3.12/site-packages/moteus_msgs/msg/_position_command.py
[5.243s] -- Symlinking: /home/jared/dev_ws/install/moteus_msgs/lib/python3.12/site-packages/moteus_msgs/msg/_position_command_s.c
[5.250s] -- Up-to-date symlink: /home/jared/dev_ws/install/moteus_msgs/lib/python3.12/site-packages/moteus_msgs/moteus_msgs_s__rosidl_typesupport_fastrtps_c.so
[5.250s] -- Up-to-date symlink: /home/jared/dev_ws/install/moteus_msgs/lib/python3.12/site-packages/moteus_msgs/moteus_msgs_s__rosidl_typesupport_introspection_c.so
[5.250s] -- Up-to-date symlink: /home/jared/dev_ws/install/moteus_msgs/lib/python3.12/site-packages/moteus_msgs/moteus_msgs_s__rosidl_typesupport_c.so
[5.251s] -- Symlinking: /home/jared/dev_ws/install/moteus_msgs/share/moteus_msgs/msg/PositionCommand.idl
[5.257s] -- Symlinking: /home/jared/dev_ws/install/moteus_msgs/share/moteus_msgs/msg/ControllerState.idl
[5.264s] -- Symlinking: /home/jared/dev_ws/install/moteus_msgs/share/moteus_msgs/msg/PositionCommand.msg
[5.271s] -- Symlinking: /home/jared/dev_ws/install/moteus_msgs/share/moteus_msgs/msg/ControllerState.msg
[5.277s] -- Symlinking: /home/jared/dev_ws/install/moteus_msgs/share/ament_index/resource_index/package_run_dependencies/moteus_msgs
[5.284s] -- Symlinking: /home/jared/dev_ws/install/moteus_msgs/share/ament_index/resource_index/parent_prefix_path/moteus_msgs
[5.291s] -- Symlinking: /home/jared/dev_ws/install/moteus_msgs/share/moteus_msgs/environment/ament_prefix_path.sh
[5.297s] -- Symlinking: /home/jared/dev_ws/install/moteus_msgs/share/moteus_msgs/environment/ament_prefix_path.dsv
[5.304s] -- Symlinking: /home/jared/dev_ws/install/moteus_msgs/share/moteus_msgs/environment/path.sh
[5.311s] -- Symlinking: /home/jared/dev_ws/install/moteus_msgs/share/moteus_msgs/environment/path.dsv
[5.317s] -- Symlinking: /home/jared/dev_ws/install/moteus_msgs/share/moteus_msgs/local_setup.bash
[5.324s] -- Symlinking: /home/jared/dev_ws/install/moteus_msgs/share/moteus_msgs/local_setup.sh
[5.330s] -- Symlinking: /home/jared/dev_ws/install/moteus_msgs/share/moteus_msgs/local_setup.zsh
[5.337s] -- Symlinking: /home/jared/dev_ws/install/moteus_msgs/share/moteus_msgs/local_setup.dsv
[5.343s] -- Symlinking: /home/jared/dev_ws/install/moteus_msgs/share/moteus_msgs/package.dsv
[5.350s] -- Symlinking: /home/jared/dev_ws/install/moteus_msgs/share/ament_index/resource_index/packages/moteus_msgs
[5.357s] -- Symlinking: /home/jared/dev_ws/install/moteus_msgs/share/moteus_msgs/cmake/rosidl_cmake-extras.cmake
[5.364s] -- Symlinking: /home/jared/dev_ws/install/moteus_msgs/share/moteus_msgs/cmake/ament_cmake_export_include_directories-extras.cmake
[5.370s] -- Symlinking: /home/jared/dev_ws/install/moteus_msgs/share/moteus_msgs/cmake/ament_cmake_export_libraries-extras.cmake
[5.377s] -- Symlinking: /home/jared/dev_ws/install/moteus_msgs/share/moteus_msgs/cmake/ament_cmake_export_targets-extras.cmake
[5.383s] -- Symlinking: /home/jared/dev_ws/install/moteus_msgs/share/moteus_msgs/cmake/rosidl_cmake_export_typesupport_targets-extras.cmake
[5.390s] -- Symlinking: /home/jared/dev_ws/install/moteus_msgs/share/moteus_msgs/cmake/ament_cmake_export_dependencies-extras.cmake
[5.396s] -- Symlinking: /home/jared/dev_ws/install/moteus_msgs/share/moteus_msgs/cmake/rosidl_cmake_export_typesupport_libraries-extras.cmake
[5.403s] -- Symlinking: /home/jared/dev_ws/install/moteus_msgs/share/moteus_msgs/cmake/moteus_msgsConfig.cmake
[5.409s] -- Symlinking: /home/jared/dev_ws/install/moteus_msgs/share/moteus_msgs/cmake/moteus_msgsConfig-version.cmake
[5.416s] -- Symlinking: /home/jared/dev_ws/install/moteus_msgs/share/moteus_msgs/package.xml
[5.423s] -- Installing: /home/jared/dev_ws/install/moteus_msgs/lib/libmoteus_msgs__rosidl_generator_c.so
[5.423s] -- Set non-toolchain portion of runtime path of "/home/jared/dev_ws/install/moteus_msgs/lib/libmoteus_msgs__rosidl_generator_c.so" to ""
[5.423s] -- Installing: /home/jared/dev_ws/install/moteus_msgs/lib/libmoteus_msgs__rosidl_typesupport_fastrtps_c.so
[5.423s] -- Set non-toolchain portion of runtime path of "/home/jared/dev_ws/install/moteus_msgs/lib/libmoteus_msgs__rosidl_typesupport_fastrtps_c.so" to ""
[5.424s] -- Installing: /home/jared/dev_ws/install/moteus_msgs/lib/libmoteus_msgs__rosidl_typesupport_introspection_c.so
[5.424s] -- Set non-toolchain portion of runtime path of "/home/jared/dev_ws/install/moteus_msgs/lib/libmoteus_msgs__rosidl_typesupport_introspection_c.so" to ""
[5.424s] -- Installing: /home/jared/dev_ws/install/moteus_msgs/lib/libmoteus_msgs__rosidl_typesupport_c.so
[5.424s] -- Set non-toolchain portion of runtime path of "/home/jared/dev_ws/install/moteus_msgs/lib/libmoteus_msgs__rosidl_typesupport_c.so" to ""
[5.424s] -- Installing: /home/jared/dev_ws/install/moteus_msgs/lib/libmoteus_msgs__rosidl_typesupport_fastrtps_cpp.so
[5.425s] -- Set non-toolchain portion of runtime path of "/home/jared/dev_ws/install/moteus_msgs/lib/libmoteus_msgs__rosidl_typesupport_fastrtps_cpp.so" to ""
[5.425s] -- Installing: /home/jared/dev_ws/install/moteus_msgs/lib/libmoteus_msgs__rosidl_typesupport_introspection_cpp.so
[5.425s] -- Set non-toolchain portion of runtime path of "/home/jared/dev_ws/install/moteus_msgs/lib/libmoteus_msgs__rosidl_typesupport_introspection_cpp.so" to ""
[5.425s] -- Installing: /home/jared/dev_ws/install/moteus_msgs/lib/libmoteus_msgs__rosidl_typesupport_cpp.so
[5.425s] -- Set non-toolchain portion of runtime path of "/home/jared/dev_ws/install/moteus_msgs/lib/libmoteus_msgs__rosidl_typesupport_cpp.so" to ""
[5.458s] Listing '/home/jared/dev_ws/install/moteus_msgs/lib/python3.12/site-packages/moteus_msgs'...
[5.458s] Compiling '/home/jared/dev_ws/install/moteus_msgs/lib/python3.12/site-packages/moteus_msgs/__init__.py'...
[5.458s] Listing '/home/jared/dev_ws/install/moteus_msgs/lib/python3.12/site-packages/moteus_msgs/msg'...
[5.458s] Compiling '/home/jared/dev_ws/install/moteus_msgs/lib/python3.12/site-packages/moteus_msgs/msg/__init__.py'...
[5.458s] Compiling '/home/jared/dev_ws/install/moteus_msgs/lib/python3.12/site-packages/moteus_msgs/msg/_controller_state.py'...
[5.458s] Compiling '/home/jared/dev_ws/install/moteus_msgs/lib/python3.12/site-packages/moteus_msgs/msg/_position_command.py'...
[5.463s] -- Installing: /home/jared/dev_ws/install/moteus_msgs/lib/libmoteus_msgs__rosidl_generator_py.so
[5.463s] -- Set non-toolchain portion of runtime path of "/home/jared/dev_ws/install/moteus_msgs/lib/libmoteus_msgs__rosidl_generator_py.so" to ""
[5.463s] -- Installing: /home/jared/dev_ws/install/moteus_msgs/share/moteus_msgs/cmake/export_moteus_msgs__rosidl_generator_cExport.cmake
[5.463s] -- Installing: /home/jared/dev_ws/install/moteus_msgs/share/moteus_msgs/cmake/export_moteus_msgs__rosidl_generator_cExport-noconfig.cmake
[5.463s] -- Installing: /home/jared/dev_ws/install/moteus_msgs/share/moteus_msgs/cmake/export_moteus_msgs__rosidl_typesupport_fastrtps_cExport.cmake
[5.464s] -- Installing: /home/jared/dev_ws/install/moteus_msgs/share/moteus_msgs/cmake/export_moteus_msgs__rosidl_typesupport_fastrtps_cExport-noconfig.cmake
[5.464s] -- Installing: /home/jared/dev_ws/install/moteus_msgs/share/moteus_msgs/cmake/moteus_msgs__rosidl_typesupport_introspection_cExport.cmake
[5.464s] -- Installing: /home/jared/dev_ws/install/moteus_msgs/share/moteus_msgs/cmake/moteus_msgs__rosidl_typesupport_introspection_cExport-noconfig.cmake
[5.464s] -- Installing: /home/jared/dev_ws/install/moteus_msgs/share/moteus_msgs/cmake/moteus_msgs__rosidl_typesupport_cExport.cmake
[5.464s] -- Installing: /home/jared/dev_ws/install/moteus_msgs/share/moteus_msgs/cmake/moteus_msgs__rosidl_typesupport_cExport-noconfig.cmake
[5.464s] -- Installing: /home/jared/dev_ws/install/moteus_msgs/share/moteus_msgs/cmake/export_moteus_msgs__rosidl_generator_cppExport.cmake
[5.465s] -- Installing: /home/jared/dev_ws/install/moteus_msgs/share/moteus_msgs/cmake/export_moteus_msgs__rosidl_typesupport_fastrtps_cppExport.cmake
[5.465s] -- Installing: /home/jared/dev_ws/install/moteus_msgs/share/moteus_msgs/cmake/export_moteus_msgs__rosidl_typesupport_fastrtps_cppExport-noconfig.cmake
[5.465s] -- Installing: /home/jared/dev_ws/install/moteus_msgs/share/moteus_msgs/cmake/moteus_msgs__rosidl_typesupport_introspection_cppExport.cmake
[5.465s] -- Installing: /home/jared/dev_ws/install/moteus_msgs/share/moteus_msgs/cmake/moteus_msgs__rosidl_typesupport_introspection_cppExport-noconfig.cmake
[5.465s] -- Installing: /home/jared/dev_ws/install/moteus_msgs/share/moteus_msgs/cmake/moteus_msgs__rosidl_typesupport_cppExport.cmake
[5.465s] -- Installing: /home/jared/dev_ws/install/moteus_msgs/share/moteus_msgs/cmake/moteus_msgs__rosidl_typesupport_cppExport-noconfig.cmake
[5.466s] -- Installing: /home/jared/dev_ws/install/moteus_msgs/share/moteus_msgs/cmake/export_moteus_msgs__rosidl_generator_pyExport.cmake
[5.466s] -- Installing: /home/jared/dev_ws/install/moteus_msgs/share/moteus_msgs/cmake/export_moteus_msgs__rosidl_generator_pyExport-noconfig.cmake
[5.468s] Invoked command in '/home/jared/dev_ws/build/moteus_msgs' returned '0': /usr/bin/cmake --install /home/jared/dev_ws/build/moteus_msgs
